Symlinking /home/mech-user/ping-pong-robot/devel/share/gennodejs/ros/kxr_controller/_index.js
Symlinking /home/mech-user/ping-pong-robot/devel/share/gennodejs/ros/kxr_controller/msg/ServoStateArray.js
Symlinking /home/mech-user/ping-pong-robot/devel/share/gennodejs/ros/kxr_controller/msg/StretchResult.js
Symlinking /home/mech-user/ping-pong-robot/devel/share/gennodejs/ros/kxr_controller/msg/AdjustAngleVectorResult.js
Symlinking /home/mech-user/ping-pong-robot/devel/share/gennodejs/ros/kxr_controller/msg/PressureControl.js
Symlinking /home/mech-user/ping-pong-robot/devel/share/gennodejs/ros/kxr_controller/msg/PressureControlActionFeedback.js
Symlinking /home/mech-user/ping-pong-robot/devel/share/gennodejs/ros/kxr_controller/msg/PressureControlResult.js
Symlinking /home/mech-user/ping-pong-robot/devel/share/gennodejs/ros/kxr_controller/msg/AdjustAngleVectorActionResult.js
Symlinking /home/mech-user/ping-pong-robot/devel/share/gennodejs/ros/kxr_controller/msg/ServoOnOffResult.js
Symlinking /home/mech-user/ping-pong-robot/devel/share/gennodejs/ros/kxr_controller/msg/ServoOnOffAction.js
Symlinking /home/mech-user/ping-pong-robot/devel/share/gennodejs/ros/kxr_controller/msg/PressureControlGoal.js
Symlinking /home/mech-user/ping-pong-robot/devel/share/gennodejs/ros/kxr_controller/msg/StretchAction.js
Symlinking /home/mech-user/ping-pong-robot/devel/share/gennodejs/ros/kxr_controller/msg/ServoOnOffActionGoal.js
Symlinking /home/mech-user/ping-pong-robot/devel/share/gennodejs/ros/kxr_controller/msg/AdjustAngleVectorFeedback.js
Symlinking /home/mech-user/ping-pong-robot/devel/share/gennodejs/ros/kxr_controller/msg/ServoOnOffActionFeedback.js
Symlinking /home/mech-user/ping-pong-robot/devel/share/gennodejs/ros/kxr_controller/msg/PressureControlAction.js
Symlinking /home/mech-user/ping-pong-robot/devel/share/gennodejs/ros/kxr_controller/msg/ServoOnOffFeedback.js
Symlinking /home/mech-user/ping-pong-robot/devel/share/gennodejs/ros/kxr_controller/msg/ServoOnOff.js
Symlinking /home/mech-user/ping-pong-robot/devel/share/gennodejs/ros/kxr_controller/msg/PressureControlFeedback.js
Symlinking /home/mech-user/ping-pong-robot/devel/share/gennodejs/ros/kxr_controller/msg/StretchFeedback.js
Symlinking /home/mech-user/ping-pong-robot/devel/share/gennodejs/ros/kxr_controller/msg/StretchActionFeedback.js
Symlinking /home/mech-user/ping-pong-robot/devel/share/gennodejs/ros/kxr_controller/msg/PressureControlActionResult.js
Symlinking /home/mech-user/ping-pong-robot/devel/share/gennodejs/ros/kxr_controller/msg/_index.js
Symlinking /home/mech-user/ping-pong-robot/devel/share/gennodejs/ros/kxr_controller/msg/PressureControlActionGoal.js
Symlinking /home/mech-user/ping-pong-robot/devel/share/gennodejs/ros/kxr_controller/msg/AdjustAngleVectorAction.js
Symlinking /home/mech-user/ping-pong-robot/devel/share/gennodejs/ros/kxr_controller/msg/AdjustAngleVectorActionGoal.js
Symlinking /home/mech-user/ping-pong-robot/devel/share/gennodejs/ros/kxr_controller/msg/ServoOnOffGoal.js
Symlinking /home/mech-user/ping-pong-robot/devel/share/gennodejs/ros/kxr_controller/msg/Stretch.js
Symlinking /home/mech-user/ping-pong-robot/devel/share/gennodejs/ros/kxr_controller/msg/ServoState.js
Symlinking /home/mech-user/ping-pong-robot/devel/share/gennodejs/ros/kxr_controller/msg/AdjustAngleVectorActionFeedback.js
Symlinking /home/mech-user/ping-pong-robot/devel/share/gennodejs/ros/kxr_controller/msg/StretchActionResult.js
Symlinking /home/mech-user/ping-pong-robot/devel/share/gennodejs/ros/kxr_controller/msg/StretchGoal.js
Symlinking /home/mech-user/ping-pong-robot/devel/share/gennodejs/ros/kxr_controller/msg/AdjustAngleVectorGoal.js
Symlinking /home/mech-user/ping-pong-robot/devel/share/gennodejs/ros/kxr_controller/msg/ServoOnOffActionResult.js
Symlinking /home/mech-user/ping-pong-robot/devel/share/gennodejs/ros/kxr_controller/msg/StretchActionGoal.js
Symlinking /home/mech-user/ping-pong-robot/devel/share/roseus/ros/kxr_controller/manifest.l
Symlinking /home/mech-user/ping-pong-robot/devel/share/roseus/ros/kxr_controller/msg/PressureControl.l
Symlinking /home/mech-user/ping-pong-robot/devel/share/roseus/ros/kxr_controller/msg/PressureControlResult.l
Symlinking /home/mech-user/ping-pong-robot/devel/share/roseus/ros/kxr_controller/msg/PressureControlGoal.l
Symlinking /home/mech-user/ping-pong-robot/devel/share/roseus/ros/kxr_controller/msg/AdjustAngleVectorGoal.l
Symlinking /home/mech-user/ping-pong-robot/devel/share/roseus/ros/kxr_controller/msg/ServoOnOffFeedback.l
Symlinking /home/mech-user/ping-pong-robot/devel/share/roseus/ros/kxr_controller/msg/StretchResult.l
Symlinking /home/mech-user/ping-pong-robot/devel/share/roseus/ros/kxr_controller/msg/ServoOnOffActionGoal.l
Symlinking /home/mech-user/ping-pong-robot/devel/share/roseus/ros/kxr_controller/msg/StretchAction.l
Symlinking /home/mech-user/ping-pong-robot/devel/share/roseus/ros/kxr_controller/msg/PressureControlFeedback.l
Symlinking /home/mech-user/ping-pong-robot/devel/share/roseus/ros/kxr_controller/msg/AdjustAngleVectorResult.l
Symlinking /home/mech-user/ping-pong-robot/devel/share/roseus/ros/kxr_controller/msg/ServoStateArray.l
Symlinking /home/mech-user/ping-pong-robot/devel/share/roseus/ros/kxr_controller/msg/ServoOnOffGoal.l
Symlinking /home/mech-user/ping-pong-robot/devel/share/roseus/ros/kxr_controller/msg/ServoOnOffAction.l
Symlinking /home/mech-user/ping-pong-robot/devel/share/roseus/ros/kxr_controller/msg/ServoOnOff.l
Symlinking /home/mech-user/ping-pong-robot/devel/share/roseus/ros/kxr_controller/msg/PressureControlAction.l
Symlinking /home/mech-user/ping-pong-robot/devel/share/roseus/ros/kxr_controller/msg/ServoOnOffActionFeedback.l
Symlinking /home/mech-user/ping-pong-robot/devel/share/roseus/ros/kxr_controller/msg/ServoOnOffActionResult.l
Symlinking /home/mech-user/ping-pong-robot/devel/share/roseus/ros/kxr_controller/msg/StretchActionResult.l
Symlinking /home/mech-user/ping-pong-robot/devel/share/roseus/ros/kxr_controller/msg/PressureControlActionFeedback.l
Symlinking /home/mech-user/ping-pong-robot/devel/share/roseus/ros/kxr_controller/msg/ServoOnOffResult.l
Symlinking /home/mech-user/ping-pong-robot/devel/share/roseus/ros/kxr_controller/msg/PressureControlActionGoal.l
Symlinking /home/mech-user/ping-pong-robot/devel/share/roseus/ros/kxr_controller/msg/StretchActionGoal.l
Symlinking /home/mech-user/ping-pong-robot/devel/share/roseus/ros/kxr_controller/msg/AdjustAngleVectorActionResult.l
Symlinking /home/mech-user/ping-pong-robot/devel/share/roseus/ros/kxr_controller/msg/StretchFeedback.l
Symlinking /home/mech-user/ping-pong-robot/devel/share/roseus/ros/kxr_controller/msg/AdjustAngleVectorFeedback.l
Symlinking /home/mech-user/ping-pong-robot/devel/share/roseus/ros/kxr_controller/msg/ServoState.l
Symlinking /home/mech-user/ping-pong-robot/devel/share/roseus/ros/kxr_controller/msg/AdjustAngleVectorAction.l
Symlinking /home/mech-user/ping-pong-robot/devel/share/roseus/ros/kxr_controller/msg/Stretch.l
Symlinking /home/mech-user/ping-pong-robot/devel/share/roseus/ros/kxr_controller/msg/StretchActionFeedback.l
Symlinking /home/mech-user/ping-pong-robot/devel/share/roseus/ros/kxr_controller/msg/AdjustAngleVectorActionFeedback.l
Symlinking /home/mech-user/ping-pong-robot/devel/share/roseus/ros/kxr_controller/msg/StretchGoal.l
Symlinking /home/mech-user/ping-pong-robot/devel/share/roseus/ros/kxr_controller/msg/AdjustAngleVectorActionGoal.l
Symlinking /home/mech-user/ping-pong-robot/devel/share/roseus/ros/kxr_controller/msg/PressureControlActionResult.l
Symlinking /home/mech-user/ping-pong-robot/devel/share/common-lisp/ros/kxr_controller/msg/_package_PressureControl.lisp
Symlinking /home/mech-user/ping-pong-robot/devel/share/common-lisp/ros/kxr_controller/msg/StretchActionResult.lisp
Symlinking /home/mech-user/ping-pong-robot/devel/share/common-lisp/ros/kxr_controller/msg/_package_PressureControlGoal.lisp
Symlinking /home/mech-user/ping-pong-robot/devel/share/common-lisp/ros/kxr_controller/msg/_package_AdjustAngleVectorAction.lisp
Symlinking /home/mech-user/ping-pong-robot/devel/share/common-lisp/ros/kxr_controller/msg/_package_PressureControlAction.lisp
Symlinking /home/mech-user/ping-pong-robot/devel/share/common-lisp/ros/kxr_controller/msg/_package_ServoOnOffGoal.lisp
Symlinking /home/mech-user/ping-pong-robot/devel/share/common-lisp/ros/kxr_controller/msg/ServoOnOffFeedback.lisp
Symlinking /home/mech-user/ping-pong-robot/devel/share/common-lisp/ros/kxr_controller/msg/_package_StretchAction.lisp
Symlinking /home/mech-user/ping-pong-robot/devel/share/common-lisp/ros/kxr_controller/msg/StretchResult.lisp
Symlinking /home/mech-user/ping-pong-robot/devel/share/common-lisp/ros/kxr_controller/msg/_package_AdjustAngleVectorGoal.lisp
Symlinking /home/mech-user/ping-pong-robot/devel/share/common-lisp/ros/kxr_controller/msg/_package_AdjustAngleVectorActionFeedback.lisp
Symlinking /home/mech-user/ping-pong-robot/devel/share/common-lisp/ros/kxr_controller/msg/_package.lisp
Symlinking /home/mech-user/ping-pong-robot/devel/share/common-lisp/ros/kxr_controller/msg/PressureControlActionResult.lisp
Symlinking /home/mech-user/ping-pong-robot/devel/share/common-lisp/ros/kxr_controller/msg/_package_ServoOnOffActionResult.lisp
Symlinking /home/mech-user/ping-pong-robot/devel/share/common-lisp/ros/kxr_controller/msg/PressureControlActionGoal.lisp
Symlinking /home/mech-user/ping-pong-robot/devel/share/common-lisp/ros/kxr_controller/msg/ServoOnOffActionGoal.lisp
Symlinking /home/mech-user/ping-pong-robot/devel/share/common-lisp/ros/kxr_controller/msg/ServoOnOffAction.lisp
Symlinking /home/mech-user/ping-pong-robot/devel/share/common-lisp/ros/kxr_controller/msg/ServoStateArray.lisp
Symlinking /home/mech-user/ping-pong-robot/devel/share/common-lisp/ros/kxr_controller/msg/StretchGoal.lisp
Symlinking /home/mech-user/ping-pong-robot/devel/share/common-lisp/ros/kxr_controller/msg/PressureControlResult.lisp
Symlinking /home/mech-user/ping-pong-robot/devel/share/common-lisp/ros/kxr_controller/msg/AdjustAngleVectorAction.lisp
Symlinking /home/mech-user/ping-pong-robot/devel/share/common-lisp/ros/kxr_controller/msg/_package_StretchResult.lisp
Symlinking /home/mech-user/ping-pong-robot/devel/share/common-lisp/ros/kxr_controller/msg/_package_PressureControlActionGoal.lisp
Symlinking /home/mech-user/ping-pong-robot/devel/share/common-lisp/ros/kxr_controller/msg/_package_AdjustAngleVectorFeedback.lisp
Symlinking /home/mech-user/ping-pong-robot/devel/share/common-lisp/ros/kxr_controller/msg/AdjustAngleVectorActionFeedback.lisp
Symlinking /home/mech-user/ping-pong-robot/devel/share/common-lisp/ros/kxr_controller/msg/PressureControl.lisp
Symlinking /home/mech-user/ping-pong-robot/devel/share/common-lisp/ros/kxr_controller/msg/_package_ServoStateArray.lisp
Symlinking /home/mech-user/ping-pong-robot/devel/share/common-lisp/ros/kxr_controller/msg/AdjustAngleVectorActionGoal.lisp
Symlinking /home/mech-user/ping-pong-robot/devel/share/common-lisp/ros/kxr_controller/msg/_package_PressureControlFeedback.lisp
Symlinking /home/mech-user/ping-pong-robot/devel/share/common-lisp/ros/kxr_controller/msg/_package_AdjustAngleVectorResult.lisp
Symlinking /home/mech-user/ping-pong-robot/devel/share/common-lisp/ros/kxr_controller/msg/ServoOnOffActionFeedback.lisp
Symlinking /home/mech-user/ping-pong-robot/devel/share/common-lisp/ros/kxr_controller/msg/AdjustAngleVectorFeedback.lisp
Symlinking /home/mech-user/ping-pong-robot/devel/share/common-lisp/ros/kxr_controller/msg/ServoOnOffResult.lisp
Symlinking /home/mech-user/ping-pong-robot/devel/share/common-lisp/ros/kxr_controller/msg/ServoState.lisp
Symlinking /home/mech-user/ping-pong-robot/devel/share/common-lisp/ros/kxr_controller/msg/kxr_controller-msg.asd
Symlinking /home/mech-user/ping-pong-robot/devel/share/common-lisp/ros/kxr_controller/msg/StretchActionFeedback.lisp
Symlinking /home/mech-user/ping-pong-robot/devel/share/common-lisp/ros/kxr_controller/msg/PressureControlFeedback.lisp
Symlinking /home/mech-user/ping-pong-robot/devel/share/common-lisp/ros/kxr_controller/msg/_package_Stretch.lisp
Symlinking /home/mech-user/ping-pong-robot/devel/share/common-lisp/ros/kxr_controller/msg/_package_PressureControlActionFeedback.lisp
Symlinking /home/mech-user/ping-pong-robot/devel/share/common-lisp/ros/kxr_controller/msg/_package_ServoOnOffFeedback.lisp
Symlinking /home/mech-user/ping-pong-robot/devel/share/common-lisp/ros/kxr_controller/msg/AdjustAngleVectorActionResult.lisp
Symlinking /home/mech-user/ping-pong-robot/devel/share/common-lisp/ros/kxr_controller/msg/ServoOnOffGoal.lisp
Symlinking /home/mech-user/ping-pong-robot/devel/share/common-lisp/ros/kxr_controller/msg/_package_StretchActionGoal.lisp
Symlinking /home/mech-user/ping-pong-robot/devel/share/common-lisp/ros/kxr_controller/msg/_package_ServoOnOffResult.lisp
Symlinking /home/mech-user/ping-pong-robot/devel/share/common-lisp/ros/kxr_controller/msg/_package_StretchActionFeedback.lisp
Symlinking /home/mech-user/ping-pong-robot/devel/share/common-lisp/ros/kxr_controller/msg/AdjustAngleVectorResult.lisp
Symlinking /home/mech-user/ping-pong-robot/devel/share/common-lisp/ros/kxr_controller/msg/_package_PressureControlResult.lisp
Symlinking /home/mech-user/ping-pong-robot/devel/share/common-lisp/ros/kxr_controller/msg/_package_AdjustAngleVectorActionResult.lisp
Symlinking /home/mech-user/ping-pong-robot/devel/share/common-lisp/ros/kxr_controller/msg/PressureControlAction.lisp
Symlinking /home/mech-user/ping-pong-robot/devel/share/common-lisp/ros/kxr_controller/msg/_package_StretchFeedback.lisp
Symlinking /home/mech-user/ping-pong-robot/devel/share/common-lisp/ros/kxr_controller/msg/_package_StretchActionResult.lisp
Symlinking /home/mech-user/ping-pong-robot/devel/share/common-lisp/ros/kxr_controller/msg/_package_ServoOnOffActionFeedback.lisp
Symlinking /home/mech-user/ping-pong-robot/devel/share/common-lisp/ros/kxr_controller/msg/ServoOnOffActionResult.lisp
Symlinking /home/mech-user/ping-pong-robot/devel/share/common-lisp/ros/kxr_controller/msg/Stretch.lisp
Symlinking /home/mech-user/ping-pong-robot/devel/share/common-lisp/ros/kxr_controller/msg/_package_ServoOnOffActionGoal.lisp
Symlinking /home/mech-user/ping-pong-robot/devel/share/common-lisp/ros/kxr_controller/msg/ServoOnOff.lisp
Symlinking /home/mech-user/ping-pong-robot/devel/share/common-lisp/ros/kxr_controller/msg/_package_StretchGoal.lisp
Symlinking /home/mech-user/ping-pong-robot/devel/share/common-lisp/ros/kxr_controller/msg/_package_ServoOnOff.lisp
Symlinking /home/mech-user/ping-pong-robot/devel/share/common-lisp/ros/kxr_controller/msg/PressureControlGoal.lisp
Symlinking /home/mech-user/ping-pong-robot/devel/share/common-lisp/ros/kxr_controller/msg/_package_PressureControlActionResult.lisp
Symlinking /home/mech-user/ping-pong-robot/devel/share/common-lisp/ros/kxr_controller/msg/StretchActionGoal.lisp
Symlinking /home/mech-user/ping-pong-robot/devel/share/common-lisp/ros/kxr_controller/msg/StretchAction.lisp
Symlinking /home/mech-user/ping-pong-robot/devel/share/common-lisp/ros/kxr_controller/msg/_package_AdjustAngleVectorActionGoal.lisp
Symlinking /home/mech-user/ping-pong-robot/devel/share/common-lisp/ros/kxr_controller/msg/_package_ServoOnOffAction.lisp
Symlinking /home/mech-user/ping-pong-robot/devel/share/common-lisp/ros/kxr_controller/msg/PressureControlActionFeedback.lisp
Symlinking /home/mech-user/ping-pong-robot/devel/share/common-lisp/ros/kxr_controller/msg/AdjustAngleVectorGoal.lisp
Symlinking /home/mech-user/ping-pong-robot/devel/share/common-lisp/ros/kxr_controller/msg/StretchFeedback.lisp
Symlinking /home/mech-user/ping-pong-robot/devel/share/common-lisp/ros/kxr_controller/msg/_package_ServoState.lisp
Symlinking /home/mech-user/ping-pong-robot/devel/share/kxr_controller/docs/KXRParameteresConfig.dox
Symlinking /home/mech-user/ping-pong-robot/devel/share/kxr_controller/docs/KXRParameteresConfig.wikidoc
Symlinking /home/mech-user/ping-pong-robot/devel/share/kxr_controller/docs/KXRParameteresConfig-usage.dox
Symlinking /home/mech-user/ping-pong-robot/devel/share/kxr_controller/cmake/kxr_controllerConfig.cmake
Symlinking /home/mech-user/ping-pong-robot/devel/share/kxr_controller/cmake/kxr_controller-msg-paths.cmake
Symlinking /home/mech-user/ping-pong-robot/devel/share/kxr_controller/cmake/kxr_controllerConfig-version.cmake
Symlinking /home/mech-user/ping-pong-robot/devel/share/kxr_controller/cmake/kxr_controller-msg-extras.cmake
Symlinking /home/mech-user/ping-pong-robot/devel/share/kxr_controller/msg/PressureControlActionGoal.msg
Symlinking /home/mech-user/ping-pong-robot/devel/share/kxr_controller/msg/PressureControlActionFeedback.msg
Symlinking /home/mech-user/ping-pong-robot/devel/share/kxr_controller/msg/PressureControlAction.msg
Symlinking /home/mech-user/ping-pong-robot/devel/share/kxr_controller/msg/ServoOnOffActionGoal.msg
Symlinking /home/mech-user/ping-pong-robot/devel/share/kxr_controller/msg/StretchActionGoal.msg
Symlinking /home/mech-user/ping-pong-robot/devel/share/kxr_controller/msg/PressureControlFeedback.msg
Symlinking /home/mech-user/ping-pong-robot/devel/share/kxr_controller/msg/StretchActionResult.msg
Symlinking /home/mech-user/ping-pong-robot/devel/share/kxr_controller/msg/StretchFeedback.msg
Symlinking /home/mech-user/ping-pong-robot/devel/share/kxr_controller/msg/AdjustAngleVectorFeedback.msg
Symlinking /home/mech-user/ping-pong-robot/devel/share/kxr_controller/msg/ServoOnOffGoal.msg
Symlinking /home/mech-user/ping-pong-robot/devel/share/kxr_controller/msg/AdjustAngleVectorGoal.msg
Symlinking /home/mech-user/ping-pong-robot/devel/share/kxr_controller/msg/StretchGoal.msg
Symlinking /home/mech-user/ping-pong-robot/devel/share/kxr_controller/msg/ServoOnOffAction.msg
Symlinking /home/mech-user/ping-pong-robot/devel/share/kxr_controller/msg/AdjustAngleVectorAction.msg
Symlinking /home/mech-user/ping-pong-robot/devel/share/kxr_controller/msg/ServoOnOffActionFeedback.msg
Symlinking /home/mech-user/ping-pong-robot/devel/share/kxr_controller/msg/ServoOnOffResult.msg
Symlinking /home/mech-user/ping-pong-robot/devel/share/kxr_controller/msg/AdjustAngleVectorActionGoal.msg
Symlinking /home/mech-user/ping-pong-robot/devel/share/kxr_controller/msg/AdjustAngleVectorResult.msg
Symlinking /home/mech-user/ping-pong-robot/devel/share/kxr_controller/msg/AdjustAngleVectorActionResult.msg
Symlinking /home/mech-user/ping-pong-robot/devel/share/kxr_controller/msg/ServoOnOffFeedback.msg
Symlinking /home/mech-user/ping-pong-robot/devel/share/kxr_controller/msg/PressureControlResult.msg
Symlinking /home/mech-user/ping-pong-robot/devel/share/kxr_controller/msg/PressureControlActionResult.msg
Symlinking /home/mech-user/ping-pong-robot/devel/share/kxr_controller/msg/ServoOnOffActionResult.msg
Symlinking /home/mech-user/ping-pong-robot/devel/share/kxr_controller/msg/AdjustAngleVectorActionFeedback.msg
Symlinking /home/mech-user/ping-pong-robot/devel/share/kxr_controller/msg/StretchResult.msg
Symlinking /home/mech-user/ping-pong-robot/devel/share/kxr_controller/msg/StretchAction.msg
Symlinking /home/mech-user/ping-pong-robot/devel/share/kxr_controller/msg/StretchActionFeedback.msg
Symlinking /home/mech-user/ping-pong-robot/devel/share/kxr_controller/msg/PressureControlGoal.msg
Symlinking /home/mech-user/ping-pong-robot/devel/lib/kxr_controller/kxr_controller.test
Symlinking /home/mech-user/ping-pong-robot/devel/lib/kxr_controller/interface.py
Symlinking /home/mech-user/ping-pong-robot/devel/lib/kxr_controller/test_kxr_controller.py
Symlinking /home/mech-user/ping-pong-robot/devel/lib/kxr_controller/rcb4_ros_bridge.py
Symlinking /home/mech-user/ping-pong-robot/devel/lib/kxr_controller/kxr_controller
Symlinking /home/mech-user/ping-pong-robot/devel/lib/kxr_controller/cmake.lock
Symlinking /home/mech-user/ping-pong-robot/devel/lib/pkgconfig/kxr_controller.pc
Symlinking /home/mech-user/ping-pong-robot/devel/lib/python3/dist-packages/kxr_controller/__init__.py
Symlinking /home/mech-user/ping-pong-robot/devel/lib/python3/dist-packages/kxr_controller/cfg/KXRParameteresConfig.py
Symlinking /home/mech-user/ping-pong-robot/devel/lib/python3/dist-packages/kxr_controller/cfg/__init__.py
Symlinking /home/mech-user/ping-pong-robot/devel/lib/python3/dist-packages/kxr_controller/msg/_PressureControlActionResult.py
Symlinking /home/mech-user/ping-pong-robot/devel/lib/python3/dist-packages/kxr_controller/msg/_PressureControlResult.py
Symlinking /home/mech-user/ping-pong-robot/devel/lib/python3/dist-packages/kxr_controller/msg/_StretchActionGoal.py
Symlinking /home/mech-user/ping-pong-robot/devel/lib/python3/dist-packages/kxr_controller/msg/_AdjustAngleVectorActionResult.py
Symlinking /home/mech-user/ping-pong-robot/devel/lib/python3/dist-packages/kxr_controller/msg/_ServoOnOffActionFeedback.py
Symlinking /home/mech-user/ping-pong-robot/devel/lib/python3/dist-packages/kxr_controller/msg/_ServoStateArray.py
Symlinking /home/mech-user/ping-pong-robot/devel/lib/python3/dist-packages/kxr_controller/msg/_AdjustAngleVectorActionGoal.py
Symlinking /home/mech-user/ping-pong-robot/devel/lib/python3/dist-packages/kxr_controller/msg/_ServoOnOffActionResult.py
Symlinking /home/mech-user/ping-pong-robot/devel/lib/python3/dist-packages/kxr_controller/msg/_ServoOnOffActionGoal.py
Symlinking /home/mech-user/ping-pong-robot/devel/lib/python3/dist-packages/kxr_controller/msg/_PressureControlActionGoal.py
Symlinking /home/mech-user/ping-pong-robot/devel/lib/python3/dist-packages/kxr_controller/msg/_ServoOnOffFeedback.py
Symlinking /home/mech-user/ping-pong-robot/devel/lib/python3/dist-packages/kxr_controller/msg/_StretchActionResult.py
Symlinking /home/mech-user/ping-pong-robot/devel/lib/python3/dist-packages/kxr_controller/msg/_PressureControlGoal.py
Symlinking /home/mech-user/ping-pong-robot/devel/lib/python3/dist-packages/kxr_controller/msg/_ServoOnOff.py
Symlinking /home/mech-user/ping-pong-robot/devel/lib/python3/dist-packages/kxr_controller/msg/_PressureControlAction.py
Symlinking /home/mech-user/ping-pong-robot/devel/lib/python3/dist-packages/kxr_controller/msg/_AdjustAngleVectorActionFeedback.py
Symlinking /home/mech-user/ping-pong-robot/devel/lib/python3/dist-packages/kxr_controller/msg/_StretchActionFeedback.py
Symlinking /home/mech-user/ping-pong-robot/devel/lib/python3/dist-packages/kxr_controller/msg/_AdjustAngleVectorGoal.py
Symlinking /home/mech-user/ping-pong-robot/devel/lib/python3/dist-packages/kxr_controller/msg/_AdjustAngleVectorResult.py
Symlinking /home/mech-user/ping-pong-robot/devel/lib/python3/dist-packages/kxr_controller/msg/_AdjustAngleVectorAction.py
Symlinking /home/mech-user/ping-pong-robot/devel/lib/python3/dist-packages/kxr_controller/msg/__init__.py
Symlinking /home/mech-user/ping-pong-robot/devel/lib/python3/dist-packages/kxr_controller/msg/_PressureControl.py
Symlinking /home/mech-user/ping-pong-robot/devel/lib/python3/dist-packages/kxr_controller/msg/_PressureControlFeedback.py
Symlinking /home/mech-user/ping-pong-robot/devel/lib/python3/dist-packages/kxr_controller/msg/_PressureControlActionFeedback.py
Symlinking /home/mech-user/ping-pong-robot/devel/lib/python3/dist-packages/kxr_controller/msg/_StretchFeedback.py
Symlinking /home/mech-user/ping-pong-robot/devel/lib/python3/dist-packages/kxr_controller/msg/_ServoState.py
Symlinking /home/mech-user/ping-pong-robot/devel/lib/python3/dist-packages/kxr_controller/msg/_StretchAction.py
Symlinking /home/mech-user/ping-pong-robot/devel/lib/python3/dist-packages/kxr_controller/msg/_StretchResult.py
Symlinking /home/mech-user/ping-pong-robot/devel/lib/python3/dist-packages/kxr_controller/msg/_ServoOnOffAction.py
Symlinking /home/mech-user/ping-pong-robot/devel/lib/python3/dist-packages/kxr_controller/msg/_ServoOnOffResult.py
Symlinking /home/mech-user/ping-pong-robot/devel/lib/python3/dist-packages/kxr_controller/msg/_AdjustAngleVectorFeedback.py
Symlinking /home/mech-user/ping-pong-robot/devel/lib/python3/dist-packages/kxr_controller/msg/_Stretch.py
Symlinking /home/mech-user/ping-pong-robot/devel/lib/python3/dist-packages/kxr_controller/msg/_StretchGoal.py
Symlinking /home/mech-user/ping-pong-robot/devel/lib/python3/dist-packages/kxr_controller/msg/_ServoOnOffGoal.py
Symlinking /home/mech-user/ping-pong-robot/devel/include/kxr_controller/ServoOnOffActionGoal.h
Symlinking /home/mech-user/ping-pong-robot/devel/include/kxr_controller/KXRParameteresConfig.h
Symlinking /home/mech-user/ping-pong-robot/devel/include/kxr_controller/PressureControlActionGoal.h
Symlinking /home/mech-user/ping-pong-robot/devel/include/kxr_controller/AdjustAngleVectorResult.h
Symlinking /home/mech-user/ping-pong-robot/devel/include/kxr_controller/StretchResult.h
Symlinking /home/mech-user/ping-pong-robot/devel/include/kxr_controller/PressureControlAction.h
Symlinking /home/mech-user/ping-pong-robot/devel/include/kxr_controller/AdjustAngleVectorGoal.h
Symlinking /home/mech-user/ping-pong-robot/devel/include/kxr_controller/PressureControlResult.h
Symlinking /home/mech-user/ping-pong-robot/devel/include/kxr_controller/ServoOnOffFeedback.h
Symlinking /home/mech-user/ping-pong-robot/devel/include/kxr_controller/Stretch.h
Symlinking /home/mech-user/ping-pong-robot/devel/include/kxr_controller/PressureControl.h
Symlinking /home/mech-user/ping-pong-robot/devel/include/kxr_controller/StretchAction.h
Symlinking /home/mech-user/ping-pong-robot/devel/include/kxr_controller/StretchActionFeedback.h
Symlinking /home/mech-user/ping-pong-robot/devel/include/kxr_controller/StretchFeedback.h
Symlinking /home/mech-user/ping-pong-robot/devel/include/kxr_controller/StretchActionResult.h
Symlinking /home/mech-user/ping-pong-robot/devel/include/kxr_controller/AdjustAngleVectorActionGoal.h
Symlinking /home/mech-user/ping-pong-robot/devel/include/kxr_controller/AdjustAngleVectorActionResult.h
Symlinking /home/mech-user/ping-pong-robot/devel/include/kxr_controller/AdjustAngleVectorFeedback.h
Symlinking /home/mech-user/ping-pong-robot/devel/include/kxr_controller/StretchGoal.h
Symlinking /home/mech-user/ping-pong-robot/devel/include/kxr_controller/ServoState.h
Symlinking /home/mech-user/ping-pong-robot/devel/include/kxr_controller/ServoOnOffAction.h
Symlinking /home/mech-user/ping-pong-robot/devel/include/kxr_controller/PressureControlFeedback.h
Symlinking /home/mech-user/ping-pong-robot/devel/include/kxr_controller/PressureControlActionResult.h
Symlinking /home/mech-user/ping-pong-robot/devel/include/kxr_controller/ServoOnOffActionFeedback.h
Symlinking /home/mech-user/ping-pong-robot/devel/include/kxr_controller/StretchActionGoal.h
Symlinking /home/mech-user/ping-pong-robot/devel/include/kxr_controller/ServoOnOffActionResult.h
Symlinking /home/mech-user/ping-pong-robot/devel/include/kxr_controller/AdjustAngleVectorActionFeedback.h
Symlinking /home/mech-user/ping-pong-robot/devel/include/kxr_controller/ServoStateArray.h
Symlinking /home/mech-user/ping-pong-robot/devel/include/kxr_controller/PressureControlActionFeedback.h
Symlinking /home/mech-user/ping-pong-robot/devel/include/kxr_controller/AdjustAngleVectorAction.h
Symlinking /home/mech-user/ping-pong-robot/devel/include/kxr_controller/ServoOnOffGoal.h
Symlinking /home/mech-user/ping-pong-robot/devel/include/kxr_controller/ServoOnOff.h
Symlinking /home/mech-user/ping-pong-robot/devel/include/kxr_controller/ServoOnOffResult.h
Symlinking /home/mech-user/ping-pong-robot/devel/include/kxr_controller/PressureControlGoal.h
