CMake Warning (dev) at CMakeFiles/Makefile.cmake:307:
  Syntax Warning in cmake code at column 76

  Argument not separated from preceding token by whitespace.
This warning is for project developers.  Use -Wno-dev to suppress it.

CMake Warning (dev) at CMakeFiles/Makefile.cmake:308:
  Syntax Warning in cmake code at column 75

  Argument not separated from preceding token by whitespace.
This warning is for project developers.  Use -Wno-dev to suppress it.

CMake Warning (dev) at CMakeFiles/Makefile.cmake:309:
  Syntax Warning in cmake code at column 75

  Argument not separated from preceding token by whitespace.
This warning is for project developers.  Use -Wno-dev to suppress it.

CMake Warning (dev) at CMakeFiles/Makefile.cmake:332:
  Syntax Warning in cmake code at column 75

  Argument not separated from preceding token by whitespace.
This warning is for project developers.  Use -Wno-dev to suppress it.

CMake Warning (dev) at CMakeFiles/Makefile.cmake:336:
  Syntax Warning in cmake code at column 76

  Argument not separated from preceding token by whitespace.
This warning is for project developers.  Use -Wno-dev to suppress it.

CMake Warning (dev) at CMakeFiles/Makefile.cmake:387:
  Syntax Warning in cmake code at column 75

  Argument not separated from preceding token by whitespace.
This warning is for project developers.  Use -Wno-dev to suppress it.

CMake Warning (dev) at CMakeFiles/Makefile.cmake:391:
  Syntax Warning in cmake code at column 76

  Argument not separated from preceding token by whitespace.
This warning is for project developers.  Use -Wno-dev to suppress it.

CMake Warning (dev) at CMakeFiles/Makefile.cmake:412:
  Syntax Warning in cmake code at column 76

  Argument not separated from preceding token by whitespace.
This warning is for project developers.  Use -Wno-dev to suppress it.

[  0%] Built target dynamic_reconfigure_generate_messages_nodejs
[  0%] Built target _kxr_controller_generate_messages_check_deps_ServoState
[  0%] Built target _kxr_controller_generate_messages_check_deps_ServoStateArray
[  0%] Built target _kxr_controller_generate_messages_check_deps_StretchAction
[  0%] Built target _kxr_controller_generate_messages_check_deps_PressureControlResult
[  0%] Built target _kxr_controller_generate_messages_check_deps_PressureControl
[  0%] Built target _kxr_controller_generate_messages_check_deps_Stretch
[  0%] Built target _kxr_controller_generate_messages_check_deps_PressureControlGoal
[  0%] Built target _kxr_controller_generate_messages_check_deps_PressureControlFeedback
[  0%] Built target _kxr_controller_generate_messages_check_deps_PressureControlAction
[  0%] Built target _kxr_controller_generate_messages_check_deps_PressureControlActionFeedback
[  0%] Built target _kxr_controller_generate_messages_check_deps_PressureControlActionResult
[  0%] Built target _kxr_controller_generate_messages_check_deps_StretchFeedback
[  0%] Built target _kxr_controller_generate_messages_check_deps_ServoOnOff
[  0%] Built target _kxr_controller_generate_messages_check_deps_StretchGoal
[  0%] Built target _kxr_controller_generate_messages_check_deps_StretchResult
[  0%] Built target std_msgs_generate_messages_cpp
[  0%] Built target _kxr_controller_generate_messages_check_deps_StretchActionFeedback
[  0%] Built target _kxr_controller_generate_messages_check_deps_ServoOnOffActionFeedback
[  0%] Built target _kxr_controller_generate_messages_check_deps_StretchActionResult
[  0%] Built target _kxr_controller_generate_messages_check_deps_StretchActionGoal
[  0%] Built target _kxr_controller_generate_messages_check_deps_PressureControlActionGoal
[  0%] Built target _kxr_controller_generate_messages_check_deps_ServoOnOffResult
[  0%] Built target _kxr_controller_generate_messages_check_deps_AdjustAngleVectorActionResult
[  0%] Built target actionlib_msgs_generate_messages_cpp
[  0%] Built target _kxr_controller_generate_messages_check_deps_AdjustAngleVectorResult
[  0%] Built target _kxr_controller_generate_messages_check_deps_AdjustAngleVectorActionFeedback
[  0%] Built target _kxr_controller_generate_messages_check_deps_ServoOnOffAction
[  0%] Built target _kxr_controller_generate_messages_check_deps_ServoOnOffActionResult
[  0%] Built target _kxr_controller_generate_messages_check_deps_ServoOnOffActionGoal
[  0%] Built target _kxr_controller_generate_messages_check_deps_AdjustAngleVectorActionGoal
[  0%] Built target _kxr_controller_generate_messages_check_deps_ServoOnOffGoal
[  0%] Built target roscpp_generate_messages_eus
[  0%] Built target _kxr_controller_generate_messages_check_deps_AdjustAngleVectorFeedback
[  0%] Built target std_msgs_generate_messages_py
[  0%] Built target _kxr_controller_generate_messages_check_deps_ServoOnOffFeedback
[  0%] Built target controller_manager_msgs_generate_messages_nodejs
[  0%] Built target _kxr_controller_generate_messages_check_deps_AdjustAngleVectorAction
[  0%] Built target roscpp_generate_messages_nodejs
[  0%] Built target actionlib_generate_messages_cpp
[  0%] Built target rosgraph_msgs_generate_messages_nodejs
[  0%] Built target rosgraph_msgs_generate_messages_lisp
[  0%] Built target actionlib_generate_messages_py
[  0%] Built target actionlib_generate_messages_lisp
[  0%] Built target _kxr_controller_generate_messages_check_deps_AdjustAngleVectorGoal
[  0%] Built target controller_manager_msgs_generate_messages_eus
[  0%] Built target _catkin_empty_exported_target
[  0%] Built target rosgraph_msgs_generate_messages_py
[  0%] Built target actionlib_generate_messages_nodejs
[  0%] Built target std_msgs_generate_messages_eus
[  0%] Built target roscpp_generate_messages_cpp
[  0%] Built target actionlib_msgs_generate_messages_nodejs
[  0%] Built target rosgraph_msgs_generate_messages_cpp
[  0%] Built target actionlib_msgs_generate_messages_lisp
[  0%] Built target actionlib_generate_messages_eus
[  0%] Built target roscpp_generate_messages_py
[  0%] Built target controller_manager_msgs_generate_messages_lisp
[  0%] Built target kxr_controller_gencfg
[  0%] Built target roscpp_generate_messages_lisp
[  0%] Built target rosgraph_msgs_generate_messages_eus
[  0%] Built target std_msgs_generate_messages_lisp
[  0%] Built target actionlib_msgs_generate_messages_py
[  0%] Built target actionlib_msgs_generate_messages_eus
[  0%] Built target dynamic_reconfigure_generate_messages_cpp
[  0%] Built target dynamic_reconfigure_generate_messages_py
[  0%] Built target dynamic_reconfigure_generate_messages_eus
[  0%] Built target dynamic_reconfigure_gencfg
[  0%] Built target dynamic_reconfigure_generate_messages_lisp
[  0%] Built target controller_manager_msgs_generate_messages_cpp
[  0%] Built target controller_manager_msgs_generate_messages_py
[  0%] Built target std_msgs_generate_messages_nodejs
[  1%] [34m[1mGenerating Python from MSG kxr_controller/PressureControlAction[0m
[  1%] [34m[1mGenerating Python from MSG kxr_controller/PressureControlActionGoal[0m
[  1%] [34m[1mGenerating Lisp code from kxr_controller/PressureControlActionGoal.msg[0m
[  2%] [34m[1mGenerating Lisp code from kxr_controller/PressureControlAction.msg[0m
[  3%] [34m[1mGenerating EusLisp code from kxr_controller/PressureControlAction.msg[0m
[  3%] [34m[1mGenerating EusLisp code from kxr_controller/PressureControlActionGoal.msg[0m
[  3%] [34m[1mGenerating C++ code from kxr_controller/PressureControlAction.msg[0m
[  4%] [34m[1mGenerating C++ code from kxr_controller/PressureControlActionGoal.msg[0m
[  5%] [34m[1mGenerating Lisp code from kxr_controller/PressureControlActionResult.msg[0m
[  6%] [34m[1mGenerating Python from MSG kxr_controller/PressureControlActionResult[0m
[  7%] [34m[1mGenerating C++ code from kxr_controller/PressureControlActionResult.msg[0m
[  8%] [34m[1mGenerating EusLisp code from kxr_controller/PressureControlActionResult.msg[0m
[  9%] [34m[1mGenerating Lisp code from kxr_controller/PressureControlActionFeedback.msg[0m
[  9%] [34m[1mGenerating C++ code from kxr_controller/PressureControlActionFeedback.msg[0m
[  9%] [34m[1mGenerating Lisp code from kxr_controller/PressureControlGoal.msg[0m
[  9%] [34m[1mGenerating Python from MSG kxr_controller/PressureControlActionFeedback[0m
[ 10%] [34m[1mGenerating Python from MSG kxr_controller/PressureControlGoal[0m
[ 11%] [34m[1mGenerating Python from MSG kxr_controller/PressureControlResult[0m
[ 12%] [34m[1mGenerating EusLisp code from kxr_controller/PressureControlActionFeedback.msg[0m
[ 13%] [34m[1mGenerating Lisp code from kxr_controller/PressureControlResult.msg[0m
[ 14%] [34m[1mGenerating C++ code from kxr_controller/PressureControlGoal.msg[0m
[ 14%] [34m[1mGenerating Python from MSG kxr_controller/PressureControlFeedback[0m
[ 14%] [34m[1mGenerating Lisp code from kxr_controller/PressureControlFeedback.msg[0m
[ 14%] [34m[1mGenerating C++ code from kxr_controller/PressureControlResult.msg[0m
[ 14%] [34m[1mGenerating EusLisp code from kxr_controller/PressureControlGoal.msg[0m
[ 15%] [34m[1mGenerating Python from MSG kxr_controller/PressureControl[0m
[ 16%] [34m[1mGenerating EusLisp code from kxr_controller/PressureControlResult.msg[0m
[ 16%] [34m[1mGenerating EusLisp code from kxr_controller/PressureControlFeedback.msg[0m
[ 17%] [34m[1mGenerating Lisp code from kxr_controller/PressureControl.msg[0m
[ 18%] [34m[1mGenerating C++ code from kxr_controller/PressureControlFeedback.msg[0m
[ 19%] [34m[1mGenerating C++ code from kxr_controller/PressureControl.msg[0m
[ 20%] [34m[1mGenerating EusLisp code from kxr_controller/PressureControl.msg[0m
[ 34%] Built target kxr_controller_generate_messages_lisp
[ 34%] [34m[1mGenerating Javascript code from kxr_controller/PressureControlActionResult.msg[0m
[ 34%] [34m[1mGenerating Javascript code from kxr_controller/PressureControlAction.msg[0m
[ 35%] [34m[1mGenerating Javascript code from kxr_controller/PressureControlActionGoal.msg[0m
[ 36%] [34m[1mGenerating Javascript code from kxr_controller/PressureControlActionFeedback.msg[0m
[ 37%] [34m[1mGenerating Python msg __init__.py for kxr_controller[0m
[ 39%] [34m[1mGenerating Javascript code from kxr_controller/PressureControlGoal.msg[0m
[ 53%] Built target kxr_controller_generate_messages_eus
[ 53%] [34m[1mGenerating Javascript code from kxr_controller/PressureControlResult.msg[0m
[ 54%] [34m[1mGenerating Javascript code from kxr_controller/PressureControlFeedback.msg[0m
[ 54%] [34m[1mGenerating Javascript code from kxr_controller/PressureControl.msg[0m
[ 68%] Built target kxr_controller_generate_messages_cpp
[ 84%] Built target kxr_controller_generate_messages_nodejs
[ 86%] Built target kxr_controller
[100%] Built target kxr_controller_generate_messages_py
[100%] Built target kxr_controller_generate_messages
