Not searching for unused variables given on the command line.
CMake Warning (dev) at CMakeLists.txt:2 (project):
  Policy CMP0048 is not set: project() command manages VERSION variables.
  Run "cmake --help-policy CMP0048" for policy details.  Use the cmake_policy
  command to set the policy and suppress this warning.

  The following variable(s) would be set to empty:

    CMAKE_PROJECT_VERSION
    CMAKE_PROJECT_VERSION_MAJOR
    CMAKE_PROJECT_VERSION_MINOR
    CMAKE_PROJECT_VERSION_PATCH
This warning is for project developers.  Use -Wno-dev to suppress it.

[36m--[0m CMAKE_SYSTEM_PROCESSOR: x86_64
[36m--[0m RCB4 Directory: /home/mech-user/ping-pong-robot/src/rcb4
[36m--[0m Using CATKIN_DEVEL_PREFIX: /home/mech-user/ping-pong-robot/devel/.private/kxr_controller
[36m--[0m Using CMAKE_PREFIX_PATH: /home/mech-user/ping-pong-robot/devel;/opt/ros/noetic
[36m--[0m This workspace overlays: /home/mech-user/ping-pong-robot/devel;/opt/ros/noetic
[36m--[0m Found PythonInterp: /usr/bin/python3 (found suitable version "3.8.10", minimum required is "3")
[36m--[0m Using PYTHON_EXECUTABLE: /usr/bin/python3
[36m--[0m Using Debian Python package layout
[36m--[0m Using empy: /usr/lib/python3/dist-packages/em.py
[36m--[0m Using CATKIN_ENABLE_TESTING: ON
[36m--[0m Call enable_testing()
[36m--[0m Using CATKIN_TEST_RESULTS_DIR: /home/mech-user/ping-pong-robot/build/kxr_controller/test_results
[36m--[0m Forcing gtest/gmock from source, though one was otherwise available.
[36m--[0m Found gtest sources under '/usr/src/googletest': gtests will be built
[36m--[0m Found gmock sources under '/usr/src/googletest': gmock will be built
[36m--[0m Found PythonInterp: /usr/bin/python3 (found version "3.8.10")
[36m--[0m Using Python nosetests: /usr/bin/nosetests3
[36m--[0m catkin 0.8.10
[36m--[0m BUILD_SHARED_LIBS is on
[36m--[0m Using these message generators: gencpp;geneus;genlisp;gennodejs;genpy
[36m--[0m Not using catkin_virtualenv as USE_VIRTUALENV is OFF.
[33m[1mCMake Warning[0m at /opt/ros/noetic/share/cmake_modules/cmake/Modules/FindEigen.cmake:62 (message):
  The FindEigen.cmake Module in the cmake_modules package is deprecated.

  Please use the FindEigen3.cmake Module provided with Eigen.  Change
  instances of find_package(Eigen) to find_package(Eigen3).  Check the
  FindEigen3.cmake Module for the resulting CMake variable names.

[36mCall Stack (most recent call first):[0m
  CMakeLists.txt:62 (find_package)


[36m--[0m Eigen found (include: /usr/include/eigen3)
[36m--[0m Generating .msg files for action kxr_controller/ServoOnOff /home/mech-user/ping-pong-robot/src/rcb4/ros/kxr_controller/action/ServoOnOff.action
[36m--[0m Generating .msg files for action kxr_controller/AdjustAngleVector /home/mech-user/ping-pong-robot/src/rcb4/ros/kxr_controller/action/AdjustAngleVector.action
[36m--[0m Generating .msg files for action kxr_controller/Stretch /home/mech-user/ping-pong-robot/src/rcb4/ros/kxr_controller/action/Stretch.action
[36m--[0m Generating .msg files for action kxr_controller/PressureControl /home/mech-user/ping-pong-robot/src/rcb4/ros/kxr_controller/action/PressureControl.action
Generating for action PressureControl
[36m--[0m kxr_controller: 33 messages, 0 services
[36m--[0m Installing devel-space wrapper /home/mech-user/ping-pong-robot/src/rcb4/ros/kxr_controller/node_scripts/rcb4_ros_bridge.py to /home/mech-user/ping-pong-robot/devel/.private/kxr_controller/lib/kxr_controller
[36m--[0m Installing devel-space wrapper /home/mech-user/ping-pong-robot/src/rcb4/ros/kxr_controller/scripts/interface.py to /home/mech-user/ping-pong-robot/devel/.private/kxr_controller/lib/kxr_controller
[36m--[0m Installing devel-space wrapper /home/mech-user/ping-pong-robot/src/rcb4/ros/kxr_controller/test/kxr_controller.test to /home/mech-user/ping-pong-robot/devel/.private/kxr_controller/lib/kxr_controller
[36m--[0m Installing devel-space wrapper /home/mech-user/ping-pong-robot/src/rcb4/ros/kxr_controller/test/test_kxr_controller.py to /home/mech-user/ping-pong-robot/devel/.private/kxr_controller/lib/kxr_controller
CMake Warning (dev) at /opt/ros/noetic/share/catkin/cmake/test/tests.cmake:163 (add_custom_target):
  Policy CMP0037 is not set: Target names should not be reserved and should
  match a validity pattern.  Run "cmake --help-policy CMP0037" for policy
  details.  Use the cmake_policy command to set the policy and suppress this
  warning.

  The target name
  "run_tests_kxr_controller_rostest_kxr_controller__namespace_"".test" is
  reserved or not valid for certain CMake features, such as generator
  expressions, and may result in undefined behavior.
[36mCall Stack (most recent call first):[0m
  /opt/ros/noetic/share/rostest/cmake/rostest-extras.cmake:52 (catkin_run_tests_target)
  CMakeLists.txt:141 (add_rostest)
This warning is for project developers.  Use -Wno-dev to suppress it.

CMake Warning (dev) at /opt/ros/noetic/share/catkin/cmake/test/tests.cmake:177 (add_custom_target):
  Policy CMP0037 is not set: Target names should not be reserved and should
  match a validity pattern.  Run "cmake --help-policy CMP0037" for policy
  details.  Use the cmake_policy command to set the policy and suppress this
  warning.

  The target name
  "_run_tests_kxr_controller_rostest_kxr_controller__namespace_"".test" is
  reserved or not valid for certain CMake features, such as generator
  expressions, and may result in undefined behavior.
[36mCall Stack (most recent call first):[0m
  /opt/ros/noetic/share/rostest/cmake/rostest-extras.cmake:52 (catkin_run_tests_target)
  CMakeLists.txt:141 (add_rostest)
This warning is for project developers.  Use -Wno-dev to suppress it.

CMake Warning (dev) at /opt/ros/noetic/share/catkin/cmake/test/tests.cmake:163 (add_custom_target):
  Policy CMP0037 is not set: Target names should not be reserved and should
  match a validity pattern.  Run "cmake --help-policy CMP0037" for policy
  details.  Use the cmake_policy command to set the policy and suppress this
  warning.

  The target name
  "run_tests_kxr_controller_rostest_kxr_controller__namespace_"robot_a".test"
  is reserved or not valid for certain CMake features, such as generator
  expressions, and may result in undefined behavior.
[36mCall Stack (most recent call first):[0m
  /opt/ros/noetic/share/rostest/cmake/rostest-extras.cmake:52 (catkin_run_tests_target)
  CMakeLists.txt:142 (add_rostest)
This warning is for project developers.  Use -Wno-dev to suppress it.

CMake Warning (dev) at /opt/ros/noetic/share/catkin/cmake/test/tests.cmake:177 (add_custom_target):
  Policy CMP0037 is not set: Target names should not be reserved and should
  match a validity pattern.  Run "cmake --help-policy CMP0037" for policy
  details.  Use the cmake_policy command to set the policy and suppress this
  warning.

  The target name
  "_run_tests_kxr_controller_rostest_kxr_controller__namespace_"robot_a".test"
  is reserved or not valid for certain CMake features, such as generator
  expressions, and may result in undefined behavior.
[36mCall Stack (most recent call first):[0m
  /opt/ros/noetic/share/rostest/cmake/rostest-extras.cmake:52 (catkin_run_tests_target)
  CMakeLists.txt:142 (add_rostest)
This warning is for project developers.  Use -Wno-dev to suppress it.

CMake Warning (dev) at /opt/ros/noetic/share/catkin/cmake/test/tests.cmake:163 (add_custom_target):
  Policy CMP0037 is not set: Target names should not be reserved and should
  match a validity pattern.  Run "cmake --help-policy CMP0037" for policy
  details.  Use the cmake_policy command to set the policy and suppress this
  warning.

  The target name
  "run_tests_kxr_controller_rostest_kxr_controller__namespace_""__use_rcb4_true__frame_count_5.test"
  is reserved or not valid for certain CMake features, such as generator
  expressions, and may result in undefined behavior.
[36mCall Stack (most recent call first):[0m
  /opt/ros/noetic/share/rostest/cmake/rostest-extras.cmake:52 (catkin_run_tests_target)
  CMakeLists.txt:143 (add_rostest)
This warning is for project developers.  Use -Wno-dev to suppress it.

CMake Warning (dev) at /opt/ros/noetic/share/catkin/cmake/test/tests.cmake:177 (add_custom_target):
  Policy CMP0037 is not set: Target names should not be reserved and should
  match a validity pattern.  Run "cmake --help-policy CMP0037" for policy
  details.  Use the cmake_policy command to set the policy and suppress this
  warning.

  The target name
  "_run_tests_kxr_controller_rostest_kxr_controller__namespace_""__use_rcb4_true__frame_count_5.test"
  is reserved or not valid for certain CMake features, such as generator
  expressions, and may result in undefined behavior.
[36mCall Stack (most recent call first):[0m
  /opt/ros/noetic/share/rostest/cmake/rostest-extras.cmake:52 (catkin_run_tests_target)
  CMakeLists.txt:143 (add_rostest)
This warning is for project developers.  Use -Wno-dev to suppress it.

CMake Warning (dev) at /opt/ros/noetic/share/catkin/cmake/test/tests.cmake:163 (add_custom_target):
  Policy CMP0037 is not set: Target names should not be reserved and should
  match a validity pattern.  Run "cmake --help-policy CMP0037" for policy
  details.  Use the cmake_policy command to set the policy and suppress this
  warning.

  The target name
  "run_tests_kxr_controller_rostest_kxr_controller__namespace_"robot_a"__use_rcb4_true__frame_count_5.test"
  is reserved or not valid for certain CMake features, such as generator
  expressions, and may result in undefined behavior.
[36mCall Stack (most recent call first):[0m
  /opt/ros/noetic/share/rostest/cmake/rostest-extras.cmake:52 (catkin_run_tests_target)
  CMakeLists.txt:144 (add_rostest)
This warning is for project developers.  Use -Wno-dev to suppress it.

CMake Warning (dev) at /opt/ros/noetic/share/catkin/cmake/test/tests.cmake:177 (add_custom_target):
  Policy CMP0037 is not set: Target names should not be reserved and should
  match a validity pattern.  Run "cmake --help-policy CMP0037" for policy
  details.  Use the cmake_policy command to set the policy and suppress this
  warning.

  The target name
  "_run_tests_kxr_controller_rostest_kxr_controller__namespace_"robot_a"__use_rcb4_true__frame_count_5.test"
  is reserved or not valid for certain CMake features, such as generator
  expressions, and may result in undefined behavior.
[36mCall Stack (most recent call first):[0m
  /opt/ros/noetic/share/rostest/cmake/rostest-extras.cmake:52 (catkin_run_tests_target)
  CMakeLists.txt:144 (add_rostest)
This warning is for project developers.  Use -Wno-dev to suppress it.

[36m--[0m Configuring done
[36m--[0m Generating done
[36m--[0m Build files have been written to: /home/mech-user/ping-pong-robot/build/kxr_controller
