CMake Warning (dev) at CMakeFiles/Makefile.cmake:262:
  Syntax Warning in cmake code at column 60

  Argument not separated from preceding token by whitespace.
This warning is for project developers.  Use -Wno-dev to suppress it.

CMake Warning (dev) at CMakeFiles/Makefile.cmake:271:
  Syntax Warning in cmake code at column 60

  Argument not separated from preceding token by whitespace.
This warning is for project developers.  Use -Wno-dev to suppress it.

CMake Warning (dev) at CMakeFiles/Makefile.cmake:275:
  Syntax Warning in cmake code at column 59

  Argument not separated from preceding token by whitespace.
This warning is for project developers.  Use -Wno-dev to suppress it.

CMake Warning (dev) at CMakeFiles/Makefile.cmake:278:
  Syntax Warning in cmake code at column 59

  Argument not separated from preceding token by whitespace.
This warning is for project developers.  Use -Wno-dev to suppress it.

CMake Warning (dev) at CMakeFiles/Makefile.cmake:279:
  Syntax Warning in cmake code at column 59

  Argument not separated from preceding token by whitespace.
This warning is for project developers.  Use -Wno-dev to suppress it.

CMake Warning (dev) at CMakeFiles/Makefile.cmake:280:
  Syntax Warning in cmake code at column 59

  Argument not separated from preceding token by whitespace.
This warning is for project developers.  Use -Wno-dev to suppress it.

CMake Warning (dev) at CMakeFiles/Makefile.cmake:281:
  Syntax Warning in cmake code at column 60

  Argument not separated from preceding token by whitespace.
This warning is for project developers.  Use -Wno-dev to suppress it.

CMake Warning (dev) at CMakeFiles/Makefile.cmake:282:
  Syntax Warning in cmake code at column 60

  Argument not separated from preceding token by whitespace.
This warning is for project developers.  Use -Wno-dev to suppress it.

[31mERROR: launchpadlib 1.10.13 requires testresources, which is not installed.[0m
[31mERROR: open3d 0.13.0 has requirement pyyaml>=5.4.1, but you'll have pyyaml 5.3.1 which is incompatible.[0m
[31mERROR: jupyterlab-server 2.27.3 has requirement packaging>=21.3, but you'll have packaging 20.3 which is incompatible.[0m
[31mERROR: jupyter-server 2.14.2 has requirement packaging>=22.0, but you'll have packaging 20.3 which is incompatible.[0m
[31mERROR: jupyter-server 2.14.2 has requirement pyzmq>=24, but you'll have pyzmq 18.1.1 which is incompatible.[0m
[31mERROR: jupyter-client 7.4.9 has requirement pyzmq>=23.0, but you'll have pyzmq 18.1.1 which is incompatible.[0m
[31mERROR: ipykernel 6.29.5 has requirement pyzmq>=24, but you'll have pyzmq 18.1.1 which is incompatible.[0m
[31mERROR: anyio 4.5.2 has requirement typing-extensions>=4.1; python_version < "3.11", but you'll have typing-extensions 3.7.4.1 which is incompatible.[0m
[31mERROR: launchpadlib 1.10.13 requires testresources, which is not installed.[0m
[31mERROR: pandas 2.0.3 has requirement python-dateutil>=2.8.2, but you'll have python-dateutil 2.8.1 which is incompatible.[0m
[31mERROR: open3d 0.13.0 has requirement pyyaml>=5.4.1, but you'll have pyyaml 5.3.1 which is incompatible.[0m
[31mERROR: jupyter-client 7.4.9 has requirement python-dateutil>=2.8.2, but you'll have python-dateutil 2.8.1 which is incompatible.[0m
[31mERROR: jupyter-client 7.4.9 has requirement pyzmq>=23.0, but you'll have pyzmq 18.1.1 which is incompatible.[0m
[31mERROR: ipykernel 6.29.5 has requirement pyzmq>=24, but you'll have pyzmq 18.1.1 which is incompatible.[0m
[31mERROR: launchpadlib 1.10.13 requires testresources, which is not installed.[0m
