Not searching for unused variables given on the command line.
[36m--[0m The C compiler identification is GNU 9.4.0
[36m--[0m The CXX compiler identification is GNU 9.4.0
[36m--[0m Check for working C compiler: /usr/bin/cc
[36m--[0m Check for working C compiler: /usr/bin/cc -- works
[36m--[0m Detecting C compiler ABI info
[36m--[0m Detecting C compiler ABI info - done
[36m--[0m Detecting C compile features
[36m--[0m Detecting C compile features - done
[36m--[0m Check for working CXX compiler: /usr/bin/c++
[36m--[0m Check for working CXX compiler: /usr/bin/c++ -- works
[36m--[0m Detecting CXX compiler ABI info
[36m--[0m Detecting CXX compiler ABI info - done
[36m--[0m Detecting CXX compile features
[36m--[0m Detecting CXX compile features - done
[36m--[0m Using CATKIN_DEVEL_PREFIX: /home/mech-user/ping-pong-robot/devel/.private/kxreus
[36m--[0m Using CMAKE_PREFIX_PATH: /home/mech-user/ping-pong-robot/devel;/home/mech-user/semi_ws/devel;/opt/ros/noetic
[36m--[0m This workspace overlays: /home/mech-user/ping-pong-robot/devel;/home/mech-user/semi_ws/devel;/opt/ros/noetic
[36m--[0m Found PythonInterp: /usr/bin/python3 (found suitable version "3.8.10", minimum required is "3")
[36m--[0m Using PYTHON_EXECUTABLE: /usr/bin/python3
[36m--[0m Using Debian Python package layout
[36m--[0m Found PY_em: /usr/lib/python3/dist-packages/em.py
[36m--[0m Using empy: /usr/lib/python3/dist-packages/em.py
[36m--[0m Using CATKIN_ENABLE_TESTING: ON
[36m--[0m Call enable_testing()
[36m--[0m Using CATKIN_TEST_RESULTS_DIR: /home/mech-user/ping-pong-robot/build/kxreus/test_results
[36m--[0m Forcing gtest/gmock from source, though one was otherwise available.
[36m--[0m Found gtest sources under '/usr/src/googletest': gtests will be built
[36m--[0m Found gmock sources under '/usr/src/googletest': gmock will be built
[36m--[0m Found PythonInterp: /usr/bin/python3 (found version "3.8.10")
[36m--[0m Found Threads: TRUE
[36m--[0m Using Python nosetests: /usr/bin/nosetests3
[36m--[0m catkin 0.8.10
[36m--[0m BUILD_SHARED_LIBS is on
[36m--[0m Using system site packages
[33mWARNING: Package name "HARIMOTO" does not follow the naming conventions. It should start with a lower case letter and only contain lower case letters, digits, underscores, and dashes.[0m
[33mWARNING: Package name "HARIMOTO" does not follow the naming conventions. It should start with a lower case letter and only contain lower case letters, digits, underscores, and dashes.[0m
[33mWARNING: Package name "HARIMOTO" does not follow the naming conventions. It should start with a lower case letter and only contain lower case letters, digits, underscores, and dashes.[0m
[33mWARNING: Package name "HARIMOTO" does not follow the naming conventions. It should start with a lower case letter and only contain lower case letters, digits, underscores, and dashes.[0m
[33mWARNING: Package name "HARIMOTO" does not follow the naming conventions. It should start with a lower case letter and only contain lower case letters, digits, underscores, and dashes.[0m
[33mWARNING: Package name "HARIMOTO" does not follow the naming conventions. It should start with a lower case letter and only contain lower case letters, digits, underscores, and dashes.[0m
[33mWARNING: Package name "HARIMOTO" does not follow the naming conventions. It should start with a lower case letter and only contain lower case letters, digits, underscores, and dashes.[0m
[33mWARNING: Package name "HARIMOTO" does not follow the naming conventions. It should start with a lower case letter and only contain lower case letters, digits, underscores, and dashes.[0m
[33mWARNING: Package name "HARIMOTO" does not follow the naming conventions. It should start with a lower case letter and only contain lower case letters, digits, underscores, and dashes.[0m
[33mWARNING: Package name "HARIMOTO" does not follow the naming conventions. It should start with a lower case letter and only contain lower case letters, digits, underscores, and dashes.[0m
[33mWARNING: Package name "HARIMOTO" does not follow the naming conventions. It should start with a lower case letter and only contain lower case letters, digits, underscores, and dashes.[0m
[33mWARNING: Package name "HARIMOTO" does not follow the naming conventions. It should start with a lower case letter and only contain lower case letters, digits, underscores, and dashes.[0m
[33mWARNING: Package name "HARIMOTO" does not follow the naming conventions. It should start with a lower case letter and only contain lower case letters, digits, underscores, and dashes.[0m
[33mWARNING: Package name "HARIMOTO" does not follow the naming conventions. It should start with a lower case letter and only contain lower case letters, digits, underscores, and dashes.[0m
[33mWARNING: Package name "HARIMOTO" does not follow the naming conventions. It should start with a lower case letter and only contain lower case letters, digits, underscores, and dashes.[0m
[33mWARNING: Package name "HARIMOTO" does not follow the naming conventions. It should start with a lower case letter and only contain lower case letters, digits, underscores, and dashes.[0m
[33mWARNING: Package name "HARIMOTO" does not follow the naming conventions. It should start with a lower case letter and only contain lower case letters, digits, underscores, and dashes.[0m
[33mWARNING: Package name "HARIMOTO" does not follow the naming conventions. It should start with a lower case letter and only contain lower case letters, digits, underscores, and dashes.[0m
[33mWARNING: Package name "HARIMOTO" does not follow the naming conventions. It should start with a lower case letter and only contain lower case letters, digits, underscores, and dashes.[0m
[33mWARNING: Package name "HARIMOTO" does not follow the naming conventions. It should start with a lower case letter and only contain lower case letters, digits, underscores, and dashes.[0m
[33mWARNING: Package name "HARIMOTO" does not follow the naming conventions. It should start with a lower case letter and only contain lower case letters, digits, underscores, and dashes.[0m
[33mWARNING: Package name "HARIMOTO" does not follow the naming conventions. It should start with a lower case letter and only contain lower case letters, digits, underscores, and dashes.[0m
[33mWARNING: Package name "HARIMOTO" does not follow the naming conventions. It should start with a lower case letter and only contain lower case letters, digits, underscores, and dashes.[0m
[33mWARNING: Package name "HARIMOTO" does not follow the naming conventions. It should start with a lower case letter and only contain lower case letters, digits, underscores, and dashes.[0m
[33mWARNING: Package name "HARIMOTO" does not follow the naming conventions. It should start with a lower case letter and only contain lower case letters, digits, underscores, and dashes.[0m
[33mWARNING: Package name "HARIMOTO" does not follow the naming conventions. It should start with a lower case letter and only contain lower case letters, digits, underscores, and dashes.[0m
[33mWARNING: Package name "HARIMOTO" does not follow the naming conventions. It should start with a lower case letter and only contain lower case letters, digits, underscores, and dashes.[0m
[33mWARNING: Package name "HARIMOTO" does not follow the naming conventions. It should start with a lower case letter and only contain lower case letters, digits, underscores, and dashes.[0m
[33mWARNING: Package name "HARIMOTO" does not follow the naming conventions. It should start with a lower case letter and only contain lower case letters, digits, underscores, and dashes.[0m
[33mWARNING: Package name "HARIMOTO" does not follow the naming conventions. It should start with a lower case letter and only contain lower case letters, digits, underscores, and dashes.[0m
[33mWARNING: Package name "HARIMOTO" does not follow the naming conventions. It should start with a lower case letter and only contain lower case letters, digits, underscores, and dashes.[0m
[33mWARNING: Package name "HARIMOTO" does not follow the naming conventions. It should start with a lower case letter and only contain lower case letters, digits, underscores, and dashes.[0m
[33mWARNING: Package name "HARIMOTO" does not follow the naming conventions. It should start with a lower case letter and only contain lower case letters, digits, underscores, and dashes.[0m
[33mWARNING: Package name "HARIMOTO" does not follow the naming conventions. It should start with a lower case letter and only contain lower case letters, digits, underscores, and dashes.[0m
[33mWARNING: Package name "HARIMOTO" does not follow the naming conventions. It should start with a lower case letter and only contain lower case letters, digits, underscores, and dashes.[0m
[33mWARNING: Package name "HARIMOTO" does not follow the naming conventions. It should start with a lower case letter and only contain lower case letters, digits, underscores, and dashes.[0m
[33mWARNING: Package name "HARIMOTO" does not follow the naming conventions. It should start with a lower case letter and only contain lower case letters, digits, underscores, and dashes.[0m
[33mWARNING: Package name "HARIMOTO" does not follow the naming conventions. It should start with a lower case letter and only contain lower case letters, digits, underscores, and dashes.[0m
[33mWARNING: Package name "HARIMOTO" does not follow the naming conventions. It should start with a lower case letter and only contain lower case letters, digits, underscores, and dashes.[0m
[33mWARNING: Package name "HARIMOTO" does not follow the naming conventions. It should start with a lower case letter and only contain lower case letters, digits, underscores, and dashes.[0m
[33mWARNING: Package name "HARIMOTO" does not follow the naming conventions. It should start with a lower case letter and only contain lower case letters, digits, underscores, and dashes.[0m
[33mWARNING: Package name "HARIMOTO" does not follow the naming conventions. It should start with a lower case letter and only contain lower case letters, digits, underscores, and dashes.[0m
[33mWARNING: Package name "HARIMOTO" does not follow the naming conventions. It should start with a lower case letter and only contain lower case letters, digits, underscores, and dashes.[0m
[33mWARNING: Package name "HARIMOTO" does not follow the naming conventions. It should start with a lower case letter and only contain lower case letters, digits, underscores, and dashes.[0m
[33mWARNING: Package name "HARIMOTO" does not follow the naming conventions. It should start with a lower case letter and only contain lower case letters, digits, underscores, and dashes.[0m
[33mWARNING: Package name "HARIMOTO" does not follow the naming conventions. It should start with a lower case letter and only contain lower case letters, digits, underscores, and dashes.[0m
[33mWARNING: Package name "HARIMOTO" does not follow the naming conventions. It should start with a lower case letter and only contain lower case letters, digits, underscores, and dashes.[0m
[33mWARNING: Package name "HARIMOTO" does not follow the naming conventions. It should start with a lower case letter and only contain lower case letters, digits, underscores, and dashes.[0m
[33mWARNING: Package name "HARIMOTO" does not follow the naming conventions. It should start with a lower case letter and only contain lower case letters, digits, underscores, and dashes.[0m
[33mWARNING: Package name "HARIMOTO" does not follow the naming conventions. It should start with a lower case letter and only contain lower case letters, digits, underscores, and dashes.[0m
[33mWARNING: Package name "HARIMOTO" does not follow the naming conventions. It should start with a lower case letter and only contain lower case letters, digits, underscores, and dashes.[0m
[33mWARNING: Package name "HARIMOTO" does not follow the naming conventions. It should start with a lower case letter and only contain lower case letters, digits, underscores, and dashes.[0m
[33mWARNING: Package name "HARIMOTO" does not follow the naming conventions. It should start with a lower case letter and only contain lower case letters, digits, underscores, and dashes.[0m
[33mWARNING: Package name "HARIMOTO" does not follow the naming conventions. It should start with a lower case letter and only contain lower case letters, digits, underscores, and dashes.[0m
[33mWARNING: Package name "HARIMOTO" does not follow the naming conventions. It should start with a lower case letter and only contain lower case letters, digits, underscores, and dashes.[0m
[33mWARNING: Package name "HARIMOTO" does not follow the naming conventions. It should start with a lower case letter and only contain lower case letters, digits, underscores, and dashes.[0m
[33mWARNING: Package name "HARIMOTO" does not follow the naming conventions. It should start with a lower case letter and only contain lower case letters, digits, underscores, and dashes.[0m
[33mWARNING: Package name "HARIMOTO" does not follow the naming conventions. It should start with a lower case letter and only contain lower case letters, digits, underscores, and dashes.[0m
[33mWARNING: Package name "HARIMOTO" does not follow the naming conventions. It should start with a lower case letter and only contain lower case letters, digits, underscores, and dashes.[0m
[33mWARNING: Package name "HARIMOTO" does not follow the naming conventions. It should start with a lower case letter and only contain lower case letters, digits, underscores, and dashes.[0m
[33mWARNING: Package name "HARIMOTO" does not follow the naming conventions. It should start with a lower case letter and only contain lower case letters, digits, underscores, and dashes.[0m
[33mWARNING: Package name "HARIMOTO" does not follow the naming conventions. It should start with a lower case letter and only contain lower case letters, digits, underscores, and dashes.[0m
[33mWARNING: Package name "HARIMOTO" does not follow the naming conventions. It should start with a lower case letter and only contain lower case letters, digits, underscores, and dashes.[0m
[33mWARNING: Package name "HARIMOTO" does not follow the naming conventions. It should start with a lower case letter and only contain lower case letters, digits, underscores, and dashes.[0m
[33mWARNING: Package name "HARIMOTO" does not follow the naming conventions. It should start with a lower case letter and only contain lower case letters, digits, underscores, and dashes.[0m
[33mWARNING: Package name "HARIMOTO" does not follow the naming conventions. It should start with a lower case letter and only contain lower case letters, digits, underscores, and dashes.[0m
[33mWARNING: Package name "HARIMOTO" does not follow the naming conventions. It should start with a lower case letter and only contain lower case letters, digits, underscores, and dashes.[0m
[33mWARNING: Package name "HARIMOTO" does not follow the naming conventions. It should start with a lower case letter and only contain lower case letters, digits, underscores, and dashes.[0m
[33mWARNING: Package name "HARIMOTO" does not follow the naming conventions. It should start with a lower case letter and only contain lower case letters, digits, underscores, and dashes.[0m
[33mWARNING: Package name "HARIMOTO" does not follow the naming conventions. It should start with a lower case letter and only contain lower case letters, digits, underscores, and dashes.[0m
[33mWARNING: Package name "HARIMOTO" does not follow the naming conventions. It should start with a lower case letter and only contain lower case letters, digits, underscores, and dashes.[0m
[33mWARNING: Package name "HARIMOTO" does not follow the naming conventions. It should start with a lower case letter and only contain lower case letters, digits, underscores, and dashes.[0m
[33mWARNING: Package name "HARIMOTO" does not follow the naming conventions. It should start with a lower case letter and only contain lower case letters, digits, underscores, and dashes.[0m
[33mWARNING: Package name "HARIMOTO" does not follow the naming conventions. It should start with a lower case letter and only contain lower case letters, digits, underscores, and dashes.[0m
[33mWARNING: Package name "HARIMOTO" does not follow the naming conventions. It should start with a lower case letter and only contain lower case letters, digits, underscores, and dashes.[0m
[33mWARNING: Package name "HARIMOTO" does not follow the naming conventions. It should start with a lower case letter and only contain lower case letters, digits, underscores, and dashes.[0m
[33mWARNING: Package name "HARIMOTO" does not follow the naming conventions. It should start with a lower case letter and only contain lower case letters, digits, underscores, and dashes.[0m
[33mWARNING: Package name "HARIMOTO" does not follow the naming conventions. It should start with a lower case letter and only contain lower case letters, digits, underscores, and dashes.[0m
[33mWARNING: Package name "HARIMOTO" does not follow the naming conventions. It should start with a lower case letter and only contain lower case letters, digits, underscores, and dashes.[0m
[33mWARNING: Package name "HARIMOTO" does not follow the naming conventions. It should start with a lower case letter and only contain lower case letters, digits, underscores, and dashes.[0m
[33mWARNING: Package name "HARIMOTO" does not follow the naming conventions. It should start with a lower case letter and only contain lower case letters, digits, underscores, and dashes.[0m
[33mWARNING: Package name "HARIMOTO" does not follow the naming conventions. It should start with a lower case letter and only contain lower case letters, digits, underscores, and dashes.[0m
[33mWARNING: Package name "HARIMOTO" does not follow the naming conventions. It should start with a lower case letter and only contain lower case letters, digits, underscores, and dashes.[0m
[33mWARNING: Package name "HARIMOTO" does not follow the naming conventions. It should start with a lower case letter and only contain lower case letters, digits, underscores, and dashes.[0m
[33mWARNING: Package name "HARIMOTO" does not follow the naming conventions. It should start with a lower case letter and only contain lower case letters, digits, underscores, and dashes.[0m
[33mWARNING: Package name "HARIMOTO" does not follow the naming conventions. It should start with a lower case letter and only contain lower case letters, digits, underscores, and dashes.[0m
[33mWARNING: Package name "HARIMOTO" does not follow the naming conventions. It should start with a lower case letter and only contain lower case letters, digits, underscores, and dashes.[0m
[33mWARNING: Package name "HARIMOTO" does not follow the naming conventions. It should start with a lower case letter and only contain lower case letters, digits, underscores, and dashes.[0m
[33mWARNING: Package name "HARIMOTO" does not follow the naming conventions. It should start with a lower case letter and only contain lower case letters, digits, underscores, and dashes.[0m
[33mWARNING: Package name "HARIMOTO" does not follow the naming conventions. It should start with a lower case letter and only contain lower case letters, digits, underscores, and dashes.[0m
[33mWARNING: Package name "HARIMOTO" does not follow the naming conventions. It should start with a lower case letter and only contain lower case letters, digits, underscores, and dashes.[0m
[33mWARNING: Package name "HARIMOTO" does not follow the naming conventions. It should start with a lower case letter and only contain lower case letters, digits, underscores, and dashes.[0m
[33mWARNING: Package name "HARIMOTO" does not follow the naming conventions. It should start with a lower case letter and only contain lower case letters, digits, underscores, and dashes.[0m
[33mWARNING: Package name "HARIMOTO" does not follow the naming conventions. It should start with a lower case letter and only contain lower case letters, digits, underscores, and dashes.[0m
[33mWARNING: Package name "HARIMOTO" does not follow the naming conventions. It should start with a lower case letter and only contain lower case letters, digits, underscores, and dashes.[0m
[33mWARNING: Package name "HARIMOTO" does not follow the naming conventions. It should start with a lower case letter and only contain lower case letters, digits, underscores, and dashes.[0m
[33mWARNING: Package name "HARIMOTO" does not follow the naming conventions. It should start with a lower case letter and only contain lower case letters, digits, underscores, and dashes.[0m
[33mWARNING: Package name "HARIMOTO" does not follow the naming conventions. It should start with a lower case letter and only contain lower case letters, digits, underscores, and dashes.[0m
[33mWARNING: Package name "HARIMOTO" does not follow the naming conventions. It should start with a lower case letter and only contain lower case letters, digits, underscores, and dashes.[0m
[33mWARNING: Package name "HARIMOTO" does not follow the naming conventions. It should start with a lower case letter and only contain lower case letters, digits, underscores, and dashes.[0m
[33mWARNING: Package name "HARIMOTO" does not follow the naming conventions. It should start with a lower case letter and only contain lower case letters, digits, underscores, and dashes.[0m
[33mWARNING: Package name "HARIMOTO" does not follow the naming conventions. It should start with a lower case letter and only contain lower case letters, digits, underscores, and dashes.[0m
[33mWARNING: Package name "HARIMOTO" does not follow the naming conventions. It should start with a lower case letter and only contain lower case letters, digits, underscores, and dashes.[0m
[33mWARNING: Package name "HARIMOTO" does not follow the naming conventions. It should start with a lower case letter and only contain lower case letters, digits, underscores, and dashes.[0m
[33mWARNING: Package name "HARIMOTO" does not follow the naming conventions. It should start with a lower case letter and only contain lower case letters, digits, underscores, and dashes.[0m
[33mWARNING: Package name "HARIMOTO" does not follow the naming conventions. It should start with a lower case letter and only contain lower case letters, digits, underscores, and dashes.[0m
[33mWARNING: Package name "HARIMOTO" does not follow the naming conventions. It should start with a lower case letter and only contain lower case letters, digits, underscores, and dashes.[0m
[33mWARNING: Package name "HARIMOTO" does not follow the naming conventions. It should start with a lower case letter and only contain lower case letters, digits, underscores, and dashes.[0m
[33mWARNING: Package name "HARIMOTO" does not follow the naming conventions. It should start with a lower case letter and only contain lower case letters, digits, underscores, and dashes.[0m
[33mWARNING: Package name "HARIMOTO" does not follow the naming conventions. It should start with a lower case letter and only contain lower case letters, digits, underscores, and dashes.[0m
[33mWARNING: Package name "HARIMOTO" does not follow the naming conventions. It should start with a lower case letter and only contain lower case letters, digits, underscores, and dashes.[0m
[33mWARNING: Package name "HARIMOTO" does not follow the naming conventions. It should start with a lower case letter and only contain lower case letters, digits, underscores, and dashes.[0m
[33mWARNING: Package name "HARIMOTO" does not follow the naming conventions. It should start with a lower case letter and only contain lower case letters, digits, underscores, and dashes.[0m
[33mWARNING: Package name "HARIMOTO" does not follow the naming conventions. It should start with a lower case letter and only contain lower case letters, digits, underscores, and dashes.[0m
[33mWARNING: Package name "HARIMOTO" does not follow the naming conventions. It should start with a lower case letter and only contain lower case letters, digits, underscores, and dashes.[0m
[33mWARNING: Package name "HARIMOTO" does not follow the naming conventions. It should start with a lower case letter and only contain lower case letters, digits, underscores, and dashes.[0m
[33mWARNING: Package name "HARIMOTO" does not follow the naming conventions. It should start with a lower case letter and only contain lower case letters, digits, underscores, and dashes.[0m
[36m--[0m Using virtualenv to run Python nosetests:
CMake Warning (dev) at /opt/ros/noetic/share/catkin/cmake/test/tests.cmake:163 (add_custom_target):
  Policy CMP0037 is not set: Target names should not be reserved and should
  match a validity pattern.  Run "cmake --help-policy CMP0037" for policy
  details.  Use the cmake_policy command to set the policy and suppress this
  warning.

  The target name "run_tests_kxreus_rostest_kxreus__namespace_"".test" is
  reserved or not valid for certain CMake features, such as generator
  expressions, and may result in undefined behavior.
[36mCall Stack (most recent call first):[0m
  /opt/ros/noetic/share/rostest/cmake/rostest-extras.cmake:52 (catkin_run_tests_target)
  CMakeLists.txt:39 (add_rostest)
This warning is for project developers.  Use -Wno-dev to suppress it.

CMake Warning (dev) at /opt/ros/noetic/share/catkin/cmake/test/tests.cmake:177 (add_custom_target):
  Policy CMP0037 is not set: Target names should not be reserved and should
  match a validity pattern.  Run "cmake --help-policy CMP0037" for policy
  details.  Use the cmake_policy command to set the policy and suppress this
  warning.

  The target name "_run_tests_kxreus_rostest_kxreus__namespace_"".test" is
  reserved or not valid for certain CMake features, such as generator
  expressions, and may result in undefined behavior.
[36mCall Stack (most recent call first):[0m
  /opt/ros/noetic/share/rostest/cmake/rostest-extras.cmake:52 (catkin_run_tests_target)
  CMakeLists.txt:39 (add_rostest)
This warning is for project developers.  Use -Wno-dev to suppress it.

CMake Warning (dev) at /opt/ros/noetic/share/catkin/cmake/test/tests.cmake:163 (add_custom_target):
  Policy CMP0037 is not set: Target names should not be reserved and should
  match a validity pattern.  Run "cmake --help-policy CMP0037" for policy
  details.  Use the cmake_policy command to set the policy and suppress this
  warning.

  The target name "run_tests_kxreus_rostest_kxreus__namespace_"robot_a".test"
  is reserved or not valid for certain CMake features, such as generator
  expressions, and may result in undefined behavior.
[36mCall Stack (most recent call first):[0m
  /opt/ros/noetic/share/rostest/cmake/rostest-extras.cmake:52 (catkin_run_tests_target)
  CMakeLists.txt:40 (add_rostest)
This warning is for project developers.  Use -Wno-dev to suppress it.

CMake Warning (dev) at /opt/ros/noetic/share/catkin/cmake/test/tests.cmake:177 (add_custom_target):
  Policy CMP0037 is not set: Target names should not be reserved and should
  match a validity pattern.  Run "cmake --help-policy CMP0037" for policy
  details.  Use the cmake_policy command to set the policy and suppress this
  warning.

  The target name
  "_run_tests_kxreus_rostest_kxreus__namespace_"robot_a".test" is reserved or
  not valid for certain CMake features, such as generator expressions, and
  may result in undefined behavior.
[36mCall Stack (most recent call first):[0m
  /opt/ros/noetic/share/rostest/cmake/rostest-extras.cmake:52 (catkin_run_tests_target)
  CMakeLists.txt:40 (add_rostest)
This warning is for project developers.  Use -Wno-dev to suppress it.

CMake Warning (dev) at /opt/ros/noetic/share/catkin/cmake/test/tests.cmake:163 (add_custom_target):
  Policy CMP0037 is not set: Target names should not be reserved and should
  match a validity pattern.  Run "cmake --help-policy CMP0037" for policy
  details.  Use the cmake_policy command to set the policy and suppress this
  warning.

  The target name
  "run_tests_kxreus_rostest_kxreus__namespace_""__use_rcb4_true.test" is
  reserved or not valid for certain CMake features, such as generator
  expressions, and may result in undefined behavior.
[36mCall Stack (most recent call first):[0m
  /opt/ros/noetic/share/rostest/cmake/rostest-extras.cmake:52 (catkin_run_tests_target)
  CMakeLists.txt:41 (add_rostest)
This warning is for project developers.  Use -Wno-dev to suppress it.

CMake Warning (dev) at /opt/ros/noetic/share/catkin/cmake/test/tests.cmake:177 (add_custom_target):
  Policy CMP0037 is not set: Target names should not be reserved and should
  match a validity pattern.  Run "cmake --help-policy CMP0037" for policy
  details.  Use the cmake_policy command to set the policy and suppress this
  warning.

  The target name
  "_run_tests_kxreus_rostest_kxreus__namespace_""__use_rcb4_true.test" is
  reserved or not valid for certain CMake features, such as generator
  expressions, and may result in undefined behavior.
[36mCall Stack (most recent call first):[0m
  /opt/ros/noetic/share/rostest/cmake/rostest-extras.cmake:52 (catkin_run_tests_target)
  CMakeLists.txt:41 (add_rostest)
This warning is for project developers.  Use -Wno-dev to suppress it.

CMake Warning (dev) at /opt/ros/noetic/share/catkin/cmake/test/tests.cmake:163 (add_custom_target):
  Policy CMP0037 is not set: Target names should not be reserved and should
  match a validity pattern.  Run "cmake --help-policy CMP0037" for policy
  details.  Use the cmake_policy command to set the policy and suppress this
  warning.

  The target name
  "run_tests_kxreus_rostest_kxreus__namespace_"robot_a"__use_rcb4_true.test"
  is reserved or not valid for certain CMake features, such as generator
  expressions, and may result in undefined behavior.
[36mCall Stack (most recent call first):[0m
  /opt/ros/noetic/share/rostest/cmake/rostest-extras.cmake:52 (catkin_run_tests_target)
  CMakeLists.txt:42 (add_rostest)
This warning is for project developers.  Use -Wno-dev to suppress it.

CMake Warning (dev) at /opt/ros/noetic/share/catkin/cmake/test/tests.cmake:177 (add_custom_target):
  Policy CMP0037 is not set: Target names should not be reserved and should
  match a validity pattern.  Run "cmake --help-policy CMP0037" for policy
  details.  Use the cmake_policy command to set the policy and suppress this
  warning.

  The target name
  "_run_tests_kxreus_rostest_kxreus__namespace_"robot_a"__use_rcb4_true.test"
  is reserved or not valid for certain CMake features, such as generator
  expressions, and may result in undefined behavior.
[36mCall Stack (most recent call first):[0m
  /opt/ros/noetic/share/rostest/cmake/rostest-extras.cmake:52 (catkin_run_tests_target)
  CMakeLists.txt:42 (add_rostest)
This warning is for project developers.  Use -Wno-dev to suppress it.

[36m--[0m Configuring done
[36m--[0m Generating done
[36m--[0m Build files have been written to: /home/mech-user/ping-pong-robot/build/kxreus
