Symlinking /home/mech-user/ping-pong-robot/devel/share/riberry_startup/cmake/riberry_startup-msg-extras.cmake
Symlinking /home/mech-user/ping-pong-robot/devel/share/riberry_startup/cmake/riberry_startupConfig.cmake
Symlinking /home/mech-user/ping-pong-robot/devel/share/riberry_startup/cmake/riberry_startupConfig-version.cmake
Symlinking /home/mech-user/ping-pong-robot/devel/share/riberry_startup/cmake/riberry_startup-msg-paths.cmake
Symlinking /home/mech-user/ping-pong-robot/devel/share/gennodejs/ros/riberry_startup/_index.js
Symlinking /home/mech-user/ping-pong-robot/devel/share/gennodejs/ros/riberry_startup/msg/ImuFace.js
Symlinking /home/mech-user/ping-pong-robot/devel/share/gennodejs/ros/riberry_startup/msg/_index.js
Symlinking /home/mech-user/ping-pong-robot/devel/share/roseus/ros/riberry_startup/manifest.l
Symlinking /home/mech-user/ping-pong-robot/devel/share/roseus/ros/riberry_startup/msg/ImuFace.l
Symlinking /home/mech-user/ping-pong-robot/devel/share/common-lisp/ros/riberry_startup/msg/_package.lisp
Symlinking /home/mech-user/ping-pong-robot/devel/share/common-lisp/ros/riberry_startup/msg/riberry_startup-msg.asd
Symlinking /home/mech-user/ping-pong-robot/devel/share/common-lisp/ros/riberry_startup/msg/_package_ImuFace.lisp
Symlinking /home/mech-user/ping-pong-robot/devel/share/common-lisp/ros/riberry_startup/msg/ImuFace.lisp
Symlinking /home/mech-user/ping-pong-robot/devel/lib/riberry_startup/mpu6886_imu_publisher_node
Symlinking /home/mech-user/ping-pong-robot/devel/lib/riberry_startup/i2c_button_state_publisher
Symlinking /home/mech-user/ping-pong-robot/devel/lib/riberry_startup/i2c_audio_publisher
Symlinking /home/mech-user/ping-pong-robot/devel/lib/riberry_startup/imu_filter
Symlinking /home/mech-user/ping-pong-robot/devel/lib/pkgconfig/riberry_startup.pc
Symlinking /home/mech-user/ping-pong-robot/devel/lib/python3/dist-packages/riberry_startup/__init__.py
Symlinking /home/mech-user/ping-pong-robot/devel/lib/python3/dist-packages/riberry_startup/msg/_ImuFace.py
Symlinking /home/mech-user/ping-pong-robot/devel/lib/python3/dist-packages/riberry_startup/msg/__init__.py
Symlinking /home/mech-user/ping-pong-robot/devel/include/riberry_startup/ImuFace.h
