[35m[1mScanning dependencies of target std_msgs_generate_messages_py[0m
[35m[1mScanning dependencies of target i2c_button_state_publisher[0m
[35m[1mScanning dependencies of target mpu6886_imu_publisher_node[0m
[35m[1mScanning dependencies of target imu_filter[0m
[35m[1mScanning dependencies of target std_msgs_generate_messages_nodejs[0m
[35m[1mScanning dependencies of target _riberry_startup_generate_messages_check_deps_ImuFace[0m
[  0%] Built target std_msgs_generate_messages_py
[  0%] Built target std_msgs_generate_messages_nodejs
[35m[1mScanning dependencies of target std_msgs_generate_messages_cpp[0m
[35m[1mScanning dependencies of target std_msgs_generate_messages_eus[0m
[  0%] Built target std_msgs_generate_messages_cpp
[  0%] Built target std_msgs_generate_messages_eus
[35m[1mScanning dependencies of target std_msgs_generate_messages_lisp[0m
[35m[1mScanning dependencies of target i2c_audio_publisher[0m
[  0%] Built target std_msgs_generate_messages_lisp
[  0%] Built target _riberry_startup_generate_messages_check_deps_ImuFace
[35m[1mScanning dependencies of target riberry_startup_generate_messages_py[0m
[35m[1mScanning dependencies of target riberry_startup_generate_messages_nodejs[0m
[ 13%] [34m[1mGenerating Javascript code from riberry_startup/ImuFace.msg[0m
[ 13%] [34m[1mGenerating Python from MSG riberry_startup/ImuFace[0m
[ 20%] [32mBuilding CXX object CMakeFiles/i2c_button_state_publisher.dir/src/i2c_button_state_publisher.cpp.o[0m
[ 26%] [32mBuilding CXX object CMakeFiles/mpu6886_imu_publisher_node.dir/src/mpu6886_imu_publisher_node.cpp.o[0m
[ 33%] [32mBuilding CXX object CMakeFiles/imu_filter.dir/src/imu_filter.cpp.o[0m
[ 40%] [32mBuilding CXX object CMakeFiles/i2c_audio_publisher.dir/src/i2c_audio_publisher.cpp.o[0m
[ 40%] Built target riberry_startup_generate_messages_nodejs
[35m[1mScanning dependencies of target riberry_startup_generate_messages_cpp[0m
[ 46%] [34m[1mGenerating C++ code from riberry_startup/ImuFace.msg[0m
[ 46%] Built target riberry_startup_generate_messages_cpp
[35m[1mScanning dependencies of target riberry_startup_generate_messages_eus[0m
[ 53%] [34m[1mGenerating EusLisp code from riberry_startup/ImuFace.msg[0m
[ 60%] [34m[1mGenerating EusLisp manifest code for riberry_startup[0m
[ 66%] [34m[1mGenerating Python msg __init__.py for riberry_startup[0m
WARNING: Package name "HARIMOTO" does not follow the naming conventions. It should start with a lower case letter and only contain lower case letters, digits, underscores, and dashes.
[ 66%] Built target riberry_startup_generate_messages_py
[35m[1mScanning dependencies of target riberry_startup_generate_messages_lisp[0m
[ 73%] [34m[1mGenerating Lisp code from riberry_startup/ImuFace.msg[0m
[ 73%] Built target riberry_startup_generate_messages_lisp
WARNING: Package name "HARIMOTO" does not follow the naming conventions. It should start with a lower case letter and only contain lower case letters, digits, underscores, and dashes.
[ 73%] Built target riberry_startup_generate_messages_eus
[35m[1mScanning dependencies of target riberry_startup_generate_messages[0m
[ 73%] Built target riberry_startup_generate_messages
[ 80%] [32m[1mLinking CXX executable /home/mech-user/ping-pong-robot/devel/.private/riberry_startup/lib/riberry_startup/i2c_audio_publisher[0m
[ 86%] [32m[1mLinking CXX executable /home/mech-user/ping-pong-robot/devel/.private/riberry_startup/lib/riberry_startup/mpu6886_imu_publisher_node[0m
[ 86%] Built target i2c_audio_publisher
[ 86%] Built target mpu6886_imu_publisher_node
[ 93%] [32m[1mLinking CXX executable /home/mech-user/ping-pong-robot/devel/.private/riberry_startup/lib/riberry_startup/i2c_button_state_publisher[0m
[ 93%] Built target i2c_button_state_publisher
[100%] [32m[1mLinking CXX executable /home/mech-user/ping-pong-robot/devel/.private/riberry_startup/lib/riberry_startup/imu_filter[0m
[100%] Built target imu_filter
