\BOOKMARK [1][]{section.1}{\376\377\0001\000\040\000概\000要}{}% 1
\BOOKMARK [1][]{section.2}{\376\377\0002\000\040\000動\000機\000・\000背\000景}{}% 2
\BOOKMARK [1][]{section.3}{\376\377\0003\000\040\000コ\000ン\000セ\000プ\000ト}{}% 3
\BOOKMARK [1][]{section.4}{\376\377\0004\000\040\000環\000境\000構\000築\000・\000実\000行\000方\000法\000（\000G\000i\000t\000h\000u\000b\000）}{}% 4
\BOOKMARK [2][]{subsection.4.1}{\376\377\0004\000.\0001\000\040\000実\000行\000方\000法}{section.4}% 5
\BOOKMARK [1][]{section.5}{\376\377\0005\000\040\000機\000能}{}% 6
\BOOKMARK [1][]{section.6}{\376\377\0006\000\040\000シ\000ス\000テ\000ム\000構\000成}{}% 7
\BOOKMARK [1][]{section.7}{\376\377\0007\000\040\000ソ\000フ\000ト\000ウ\000ェ\000ア}{}% 8
\BOOKMARK [2][]{subsection.7.1}{\376\377\0007\000.\0001\000\040\000統\000合\000制\000御\000ア\000ル\000ゴ\000リ\000ズ\000ム}{section.7}% 9
\BOOKMARK [2][]{subsection.7.2}{\376\377\0007\000.\0002\000\040\000打\000撃}{section.7}% 10
\BOOKMARK [2][]{subsection.7.3}{\376\377\0007\000.\0003\000\040\000軌\000道\000予\000測}{section.7}% 11
\BOOKMARK [2][]{subsection.7.4}{\376\377\0007\000.\0004\000\040\000画\000像\000認\000識}{section.7}% 12
\BOOKMARK [2][]{subsection.7.5}{\376\377\0007\000.\0005\000\040\000メ\000カ\000ナ\000ム\000ホ\000イ\000ー\000ル\000制\000御}{section.7}% 13
\BOOKMARK [2][]{subsection.7.6}{\376\377\0007\000.\0006\000\040\000音\000声\000再\000生}{section.7}% 14
\BOOKMARK [1][]{section.8}{\376\377\0008\000\040\000ロ\000ボ\000ッ\000ト\000モ\000デ\000ル\000・\000ハ\000ー\000ド\000ウ\000ェ\000ア\000・\000メ\000カ\000ニ\000ク\000ス}{}% 15
\BOOKMARK [2][]{subsection.8.1}{\376\377\0008\000.\0001\000\040\000ロ\000ボ\000ッ\000ト\000モ\000デ\000ル}{section.8}% 16
\BOOKMARK [2][]{subsection.8.2}{\376\377\0008\000.\0002\000\040\000ロ\000ボ\000ッ\000ト\000設\000計\000・\000製\000作}{section.8}% 17
\BOOKMARK [2][]{subsection.8.3}{\376\377\0008\000.\0003\000\040\000外\000装}{section.8}% 18
\BOOKMARK [1][]{section.9}{\376\377\0009\000\040\000オ\000リ\000ジ\000ナ\000リ\000テ\000ィ\000・\000工\000夫}{}% 19
\BOOKMARK [1][]{section.10}{\376\377\0001\0000\000\040\000気\000づ\000い\000た\000こ\000と}{}% 20
\BOOKMARK [1][]{section.11}{\376\377\0001\0001\000\040\000今\000後\000に\000向\000け\000て}{}% 21
\BOOKMARK [1][]{section.12}{\376\377\0001\0002\000\040\000作\000業\000記\000録\000（\000参\000考\000）}{}% 22
\BOOKMARK [1][]{section.13}{\376\377\0001\0003\000\040\000謝\000辞}{}% 23
