\BOOKMARK [1][]{section.1}{\376\377\0001\000\040\151\202\211\201}{}% 1
\BOOKMARK [1][]{section.2}{\376\377\0002\000\040\122\325\152\137\060\373\200\314\146\157}{}% 2
\BOOKMARK [1][]{section.3}{\376\377\0003\000\040\060\263\060\363\060\273\060\327\060\310}{}% 3
\BOOKMARK [1][]{section.4}{\376\377\0004\000\040\164\260\130\203\151\313\173\311\060\373\133\237\210\114\145\271\154\325\377\010\000G\000i\000t\000h\000u\000b\377\011}{}% 4
\BOOKMARK [2][]{subsection.4.1}{\376\377\0004\000.\0001\000\040\133\237\210\114\145\271\154\325}{section.4}% 5
\BOOKMARK [1][]{section.5}{\376\377\0005\000\040\152\137\200\375}{}% 6
\BOOKMARK [1][]{section.6}{\376\377\0006\000\040\060\267\060\271\060\306\060\340\151\313\142\020}{}% 7
\BOOKMARK [1][]{section.7}{\376\377\0007\000\040\060\275\060\325\060\310\060\246\060\247\060\242}{}% 8
\BOOKMARK [2][]{subsection.7.1}{\376\377\0007\000.\0001\000\040\175\161\124\010\122\066\137\241\060\242\060\353\060\264\060\352\060\272\060\340}{section.7}% 9
\BOOKMARK [2][]{subsection.7.2}{\376\377\0007\000.\0002\000\040\142\123\144\203}{section.7}% 10
\BOOKMARK [2][]{subsection.7.3}{\376\377\0007\000.\0003\000\040\216\314\220\123\116\210\156\054}{section.7}% 11
\BOOKMARK [2][]{subsection.7.4}{\376\377\0007\000.\0004\000\040\165\073\120\317\212\215\213\130}{section.7}% 12
\BOOKMARK [2][]{subsection.7.5}{\376\377\0007\000.\0005\000\040\060\341\060\253\060\312\060\340\060\333\060\244\060\374\060\353\122\066\137\241}{section.7}% 13
\BOOKMARK [2][]{subsection.7.6}{\376\377\0007\000.\0006\000\040\227\363\130\360\121\215\165\037}{section.7}% 14
\BOOKMARK [1][]{section.8}{\376\377\0008\000\040\060\355\060\334\060\303\060\310\060\342\060\307\060\353\060\373\060\317\060\374\060\311\060\246\060\247\060\242\060\373\060\341\060\253\060\313\060\257\060\271}{}% 15
\BOOKMARK [2][]{subsection.8.1}{\376\377\0008\000.\0001\000\040\060\355\060\334\060\303\060\310\060\342\060\307\060\353}{section.8}% 16
\BOOKMARK [2][]{subsection.8.2}{\376\377\0008\000.\0002\000\040\060\355\060\334\060\303\060\310\212\055\212\010\060\373\210\375\117\134}{section.8}% 17
\BOOKMARK [2][]{subsection.8.3}{\376\377\0008\000.\0003\000\040\131\026\210\305}{section.8}% 18
\BOOKMARK [1][]{section.9}{\376\377\0009\000\040\060\252\060\352\060\270\060\312\060\352\060\306\060\243\060\373\135\345\131\053}{}% 19
\BOOKMARK [1][]{section.10}{\376\377\0001\0000\000\040\154\027\060\145\060\104\060\137\060\123\060\150}{}% 20
\BOOKMARK [1][]{section.11}{\376\377\0001\0001\000\040\117\134\151\155\212\030\223\062\377\010\123\302\200\003\377\011}{}% 21
\BOOKMARK [1][]{section.12}{\376\377\0001\0002\000\040\116\312\137\214\060\156\134\125\147\033}{}% 22
\BOOKMARK [2][]{subsection.12.1}{\376\377\0001\0002\000.\0001\000\040\165\073\120\317\212\215\213\130\377\032\000D\000e\000p\000t\000h\140\305\130\061\060\156\060\177\060\113\060\211\060\334\060\374\060\353\060\156\117\115\177\156\060\222\123\326\137\227\060\131\060\213\060\242\060\353\060\264\060\352\060\272\060\340\060\156\225\213\166\172}{section.12}% 23
\BOOKMARK [2][]{subsection.12.2}{\376\377\0001\0002\000.\0002\000\040\060\311\060\351\060\244\060\326\142\123\060\141\060\342\060\374\060\311\060\156\060\321\060\351\060\341\060\277\060\301\060\345\060\374\060\313\060\363\060\260}{section.12}% 24
\BOOKMARK [1][]{section.13}{\376\377\0001\0003\000\040\213\035\217\236}{}% 25
